Connecting to database specified by database.yml
  [1m[36m (2.7ms)[0m  [1mSELECT "schema_migrations"."version" FROM "schema_migrations" [0m
Migrating to CreateMovies (20111119180638)
  [1m[35m (0.1ms)[0m  select sqlite_version(*)
  [1m[36m (0.1ms)[0m  [1mSELECT "schema_migrations"."version" FROM "schema_migrations" [0m
Connecting to database specified by database.yml
  [1m[36m (2.7ms)[0m  [1mSELECT "schema_migrations"."version" FROM "schema_migrations" [0m
  [1m[35m (0.3ms)[0m  select sqlite_version(*)
  [1m[36m (16.7ms)[0m  [1mCREATE TABLE "movies" ("id" INTEGER PRIMARY KEY AUTOINCREMENT NOT NULL, "title" varchar(255), "rating" varchar(255), "description" text, "release_date" datetime, "created_at" datetime, "updated_at" datetime) [0m
  [1m[35m (12.4ms)[0m  CREATE TABLE "schema_migrations" ("version" varchar(255) NOT NULL) 
  [1m[36m (153.9ms)[0m  [1mCREATE UNIQUE INDEX "unique_schema_migrations" ON "schema_migrations" ("version")[0m
  [1m[35m (0.1ms)[0m  SELECT version FROM "schema_migrations"
  [1m[36m (8.0ms)[0m  [1mINSERT INTO "schema_migrations" (version) VALUES ('20120130161449')[0m
  [1m[35m (7.7ms)[0m  INSERT INTO "schema_migrations" (version) VALUES ('20111119180638')
Connecting to database specified by database.yml
  [1m[36m (2.5ms)[0m  [1mSELECT "schema_migrations"."version" FROM "schema_migrations" [0m
  [1m[35m (0.3ms)[0m  select sqlite_version(*)
  [1m[36m (14.0ms)[0m  [1mCREATE TABLE "movies" ("id" INTEGER PRIMARY KEY AUTOINCREMENT NOT NULL, "title" varchar(255), "rating" varchar(255), "description" text, "release_date" datetime, "created_at" datetime, "updated_at" datetime) [0m
  [1m[35m (7.3ms)[0m  CREATE TABLE "schema_migrations" ("version" varchar(255) NOT NULL) 
  [1m[36m (7.8ms)[0m  [1mCREATE UNIQUE INDEX "unique_schema_migrations" ON "schema_migrations" ("version")[0m
  [1m[35m (0.1ms)[0m  SELECT version FROM "schema_migrations"
  [1m[36m (9.8ms)[0m  [1mINSERT INTO "schema_migrations" (version) VALUES ('20120130161449')[0m
  [1m[35m (9.6ms)[0m  INSERT INTO "schema_migrations" (version) VALUES ('20111119180638')
Connecting to database specified by database.yml
  [1m[36m (3.9ms)[0m  [1mSELECT "schema_migrations"."version" FROM "schema_migrations" [0m
Connecting to database specified by database.yml
  [1m[36m (5.5ms)[0m  [1mSELECT "schema_migrations"."version" FROM "schema_migrations" [0m
Connecting to database specified by database.yml
  [1m[36m (2.7ms)[0m  [1mSELECT "schema_migrations"."version" FROM "schema_migrations" [0m
Migrating to CreateMovies (20111119180638)
Migrating to AddDirectorToMovies (20161121082016)
  [1m[35m (0.1ms)[0m  select sqlite_version(*)
  [1m[36m (0.0ms)[0m  [1mbegin transaction[0m
  [1m[35m (0.5ms)[0m  ALTER TABLE "movies" ADD "director" varchar(255)
  [1m[36m (0.2ms)[0m  [1mINSERT INTO "schema_migrations" ("version") VALUES ('20161121082016')[0m
  [1m[35m (11.6ms)[0m  commit transaction
  [1m[36m (0.1ms)[0m  [1mSELECT "schema_migrations"."version" FROM "schema_migrations" [0m
Connecting to database specified by database.yml
  [1m[36m (4.1ms)[0m  [1mSELECT "schema_migrations"."version" FROM "schema_migrations" [0m
  [1m[35m (0.1ms)[0m  begin transaction
  [1m[36mSQL (5.3ms)[0m  [1mINSERT INTO "movies" ("created_at", "description", "director", "rating", "release_date", "title", "updated_at") VALUES (?, ?, ?, ?, ?, ?, ?)[0m  [["created_at", Tue, 22 Nov 2016 01:32:19 UTC +00:00], ["description", nil], ["director", nil], ["rating", "G"], ["release_date", Wed, 25 Nov 1992 00:00:00 UTC +00:00], ["title", "Aladdin"], ["updated_at", Tue, 22 Nov 2016 01:32:19 UTC +00:00]]
  [1m[35m (12.6ms)[0m  commit transaction
  [1m[36m (0.1ms)[0m  [1mbegin transaction[0m
  [1m[35mSQL (0.4ms)[0m  INSERT INTO "movies" ("created_at", "description", "director", "rating", "release_date", "title", "updated_at") VALUES (?, ?, ?, ?, ?, ?, ?)  [["created_at", Tue, 22 Nov 2016 01:32:19 UTC +00:00], ["description", nil], ["director", nil], ["rating", "R"], ["release_date", Fri, 26 Oct 1984 00:00:00 UTC +00:00], ["title", "The Terminator"], ["updated_at", Tue, 22 Nov 2016 01:32:19 UTC +00:00]]
  [1m[36m (11.2ms)[0m  [1mcommit transaction[0m
  [1m[35m (0.1ms)[0m  begin transaction
  [1m[36mSQL (0.5ms)[0m  [1mINSERT INTO "movies" ("created_at", "description", "director", "rating", "release_date", "title", "updated_at") VALUES (?, ?, ?, ?, ?, ?, ?)[0m  [["created_at", Tue, 22 Nov 2016 01:32:19 UTC +00:00], ["description", nil], ["director", nil], ["rating", "R"], ["release_date", Fri, 21 Jul 1989 00:00:00 UTC +00:00], ["title", "When Harry Met Sally"], ["updated_at", Tue, 22 Nov 2016 01:32:19 UTC +00:00]]
  [1m[35m (10.5ms)[0m  commit transaction
  [1m[36m (0.1ms)[0m  [1mbegin transaction[0m
  [1m[35mSQL (0.7ms)[0m  INSERT INTO "movies" ("created_at", "description", "director", "rating", "release_date", "title", "updated_at") VALUES (?, ?, ?, ?, ?, ?, ?)  [["created_at", Tue, 22 Nov 2016 01:32:19 UTC +00:00], ["description", nil], ["director", nil], ["rating", "PG-13"], ["release_date", Wed, 10 Aug 2011 00:00:00 UTC +00:00], ["title", "The Help"], ["updated_at", Tue, 22 Nov 2016 01:32:19 UTC +00:00]]
  [1m[36m (10.3ms)[0m  [1mcommit transaction[0m
  [1m[35m (0.1ms)[0m  begin transaction
  [1m[36mSQL (0.3ms)[0m  [1mINSERT INTO "movies" ("created_at", "description", "director", "rating", "release_date", "title", "updated_at") VALUES (?, ?, ?, ?, ?, ?, ?)[0m  [["created_at", Tue, 22 Nov 2016 01:32:19 UTC +00:00], ["description", nil], ["director", nil], ["rating", "PG-13"], ["release_date", Fri, 05 Jan 2001 00:00:00 UTC +00:00], ["title", "Chocolat"], ["updated_at", Tue, 22 Nov 2016 01:32:19 UTC +00:00]]
  [1m[35m (11.4ms)[0m  commit transaction
  [1m[36m (0.1ms)[0m  [1mbegin transaction[0m
  [1m[35mSQL (0.5ms)[0m  INSERT INTO "movies" ("created_at", "description", "director", "rating", "release_date", "title", "updated_at") VALUES (?, ?, ?, ?, ?, ?, ?)  [["created_at", Tue, 22 Nov 2016 01:32:19 UTC +00:00], ["description", nil], ["director", nil], ["rating", "R"], ["release_date", Wed, 25 Apr 2001 00:00:00 UTC +00:00], ["title", "Amelie"], ["updated_at", Tue, 22 Nov 2016 01:32:19 UTC +00:00]]
  [1m[36m (9.3ms)[0m  [1mcommit transaction[0m
  [1m[35m (0.1ms)[0m  begin transaction
  [1m[36mSQL (0.6ms)[0m  [1mINSERT INTO "movies" ("created_at", "description", "director", "rating", "release_date", "title", "updated_at") VALUES (?, ?, ?, ?, ?, ?, ?)[0m  [["created_at", Tue, 22 Nov 2016 01:32:19 UTC +00:00], ["description", nil], ["director", nil], ["rating", "G"], ["release_date", Sat, 06 Apr 1968 00:00:00 UTC +00:00], ["title", "2001: A Space Odyssey"], ["updated_at", Tue, 22 Nov 2016 01:32:19 UTC +00:00]]
  [1m[35m (9.3ms)[0m  commit transaction
  [1m[36m (0.1ms)[0m  [1mbegin transaction[0m
  [1m[35mSQL (0.6ms)[0m  INSERT INTO "movies" ("created_at", "description", "director", "rating", "release_date", "title", "updated_at") VALUES (?, ?, ?, ?, ?, ?, ?)  [["created_at", Tue, 22 Nov 2016 01:32:19 UTC +00:00], ["description", nil], ["director", nil], ["rating", "PG"], ["release_date", Fri, 05 Nov 2004 00:00:00 UTC +00:00], ["title", "The Incredibles"], ["updated_at", Tue, 22 Nov 2016 01:32:19 UTC +00:00]]
  [1m[36m (10.2ms)[0m  [1mcommit transaction[0m
  [1m[35m (0.1ms)[0m  begin transaction
  [1m[36mSQL (0.6ms)[0m  [1mINSERT INTO "movies" ("created_at", "description", "director", "rating", "release_date", "title", "updated_at") VALUES (?, ?, ?, ?, ?, ?, ?)[0m  [["created_at", Tue, 22 Nov 2016 01:32:19 UTC +00:00], ["description", nil], ["director", nil], ["rating", "PG"], ["release_date", Fri, 12 Jun 1981 00:00:00 UTC +00:00], ["title", "Raiders of the Lost Ark"], ["updated_at", Tue, 22 Nov 2016 01:32:19 UTC +00:00]]
  [1m[35m (11.5ms)[0m  commit transaction
  [1m[36m (0.1ms)[0m  [1mbegin transaction[0m
  [1m[35mSQL (0.5ms)[0m  INSERT INTO "movies" ("created_at", "description", "director", "rating", "release_date", "title", "updated_at") VALUES (?, ?, ?, ?, ?, ?, ?)  [["created_at", Tue, 22 Nov 2016 01:32:19 UTC +00:00], ["description", nil], ["director", nil], ["rating", "G"], ["release_date", Wed, 21 Jun 2000 00:00:00 UTC +00:00], ["title", "Chicken Run"], ["updated_at", Tue, 22 Nov 2016 01:32:19 UTC +00:00]]
  [1m[36m (9.8ms)[0m  [1mcommit transaction[0m
Connecting to database specified by database.yml
  [1m[36m (2.5ms)[0m  [1mSELECT "schema_migrations"."version" FROM "schema_migrations" [0m
  [1m[35m (0.3ms)[0m  select sqlite_version(*)
  [1m[36m (16.9ms)[0m  [1mCREATE TABLE "movies" ("id" INTEGER PRIMARY KEY AUTOINCREMENT NOT NULL, "title" varchar(255), "rating" varchar(255), "description" text, "release_date" datetime, "created_at" datetime, "updated_at" datetime, "director" varchar(255)) [0m
  [1m[35m (9.8ms)[0m  CREATE TABLE "schema_migrations" ("version" varchar(255) NOT NULL) 
  [1m[36m (12.7ms)[0m  [1mCREATE UNIQUE INDEX "unique_schema_migrations" ON "schema_migrations" ("version")[0m
  [1m[35m (0.1ms)[0m  SELECT version FROM "schema_migrations"
  [1m[36m (7.4ms)[0m  [1mINSERT INTO "schema_migrations" (version) VALUES ('20161121082016')[0m
  [1m[35m (7.5ms)[0m  INSERT INTO "schema_migrations" (version) VALUES ('20111119180638')
Connecting to database specified by database.yml
  [1m[36m (2.5ms)[0m  [1mSELECT "schema_migrations"."version" FROM "schema_migrations" [0m
  [1m[35m (0.3ms)[0m  select sqlite_version(*)
  [1m[36m (14.1ms)[0m  [1mCREATE TABLE "movies" ("id" INTEGER PRIMARY KEY AUTOINCREMENT NOT NULL, "title" varchar(255), "rating" varchar(255), "description" text, "release_date" datetime, "created_at" datetime, "updated_at" datetime, "director" varchar(255)) [0m
  [1m[35m (10.8ms)[0m  CREATE TABLE "schema_migrations" ("version" varchar(255) NOT NULL) 
  [1m[36m (13.0ms)[0m  [1mCREATE UNIQUE INDEX "unique_schema_migrations" ON "schema_migrations" ("version")[0m
  [1m[35m (0.1ms)[0m  SELECT version FROM "schema_migrations"
  [1m[36m (7.2ms)[0m  [1mINSERT INTO "schema_migrations" (version) VALUES ('20161121082016')[0m
  [1m[35m (8.9ms)[0m  INSERT INTO "schema_migrations" (version) VALUES ('20111119180638')
Connecting to database specified by database.yml
  [1m[36m (4.4ms)[0m  [1mSELECT "schema_migrations"."version" FROM "schema_migrations" [0m
  [1m[35m (0.3ms)[0m  select sqlite_version(*)
  [1m[36m (14.7ms)[0m  [1mCREATE TABLE "movies" ("id" INTEGER PRIMARY KEY AUTOINCREMENT NOT NULL, "title" varchar(255), "rating" varchar(255), "description" text, "release_date" datetime, "created_at" datetime, "updated_at" datetime, "director" varchar(255)) [0m
  [1m[35m (11.1ms)[0m  CREATE TABLE "schema_migrations" ("version" varchar(255) NOT NULL) 
  [1m[36m (14.5ms)[0m  [1mCREATE UNIQUE INDEX "unique_schema_migrations" ON "schema_migrations" ("version")[0m
  [1m[35m (0.1ms)[0m  SELECT version FROM "schema_migrations"
  [1m[36m (7.6ms)[0m  [1mINSERT INTO "schema_migrations" (version) VALUES ('20161121082016')[0m
  [1m[35m (11.6ms)[0m  INSERT INTO "schema_migrations" (version) VALUES ('20111119180638')
Connecting to database specified by database.yml
  [1m[36m (6.1ms)[0m  [1mSELECT "schema_migrations"."version" FROM "schema_migrations" [0m
  [1m[35m (0.4ms)[0m  select sqlite_version(*)
  [1m[36m (12.2ms)[0m  [1mCREATE TABLE "movies" ("id" INTEGER PRIMARY KEY AUTOINCREMENT NOT NULL, "title" varchar(255), "rating" varchar(255), "description" text, "release_date" datetime, "created_at" datetime, "updated_at" datetime, "director" varchar(255)) [0m
  [1m[35m (10.9ms)[0m  CREATE TABLE "schema_migrations" ("version" varchar(255) NOT NULL) 
  [1m[36m (10.9ms)[0m  [1mCREATE UNIQUE INDEX "unique_schema_migrations" ON "schema_migrations" ("version")[0m
  [1m[35m (0.1ms)[0m  SELECT version FROM "schema_migrations"
  [1m[36m (9.7ms)[0m  [1mINSERT INTO "schema_migrations" (version) VALUES ('20161121082016')[0m
  [1m[35m (10.0ms)[0m  INSERT INTO "schema_migrations" (version) VALUES ('20111119180638')
Connecting to database specified by database.yml
  [1m[36m (2.7ms)[0m  [1mSELECT "schema_migrations"."version" FROM "schema_migrations" [0m
  [1m[35m (0.4ms)[0m  select sqlite_version(*)
  [1m[36m (13.4ms)[0m  [1mCREATE TABLE "movies" ("id" INTEGER PRIMARY KEY AUTOINCREMENT NOT NULL, "title" varchar(255), "rating" varchar(255), "description" text, "release_date" datetime, "created_at" datetime, "updated_at" datetime, "director" varchar(255)) [0m
  [1m[35m (10.2ms)[0m  CREATE TABLE "schema_migrations" ("version" varchar(255) NOT NULL) 
  [1m[36m (12.3ms)[0m  [1mCREATE UNIQUE INDEX "unique_schema_migrations" ON "schema_migrations" ("version")[0m
  [1m[35m (0.1ms)[0m  SELECT version FROM "schema_migrations"
  [1m[36m (10.6ms)[0m  [1mINSERT INTO "schema_migrations" (version) VALUES ('20161121082016')[0m
  [1m[35m (9.5ms)[0m  INSERT INTO "schema_migrations" (version) VALUES ('20111119180638')
Connecting to database specified by database.yml
  [1m[36m (2.7ms)[0m  [1mSELECT "schema_migrations"."version" FROM "schema_migrations" [0m
  [1m[35m (0.4ms)[0m  select sqlite_version(*)
  [1m[36m (15.6ms)[0m  [1mCREATE TABLE "movies" ("id" INTEGER PRIMARY KEY AUTOINCREMENT NOT NULL, "title" varchar(255), "rating" varchar(255), "description" text, "release_date" datetime, "created_at" datetime, "updated_at" datetime, "director" varchar(255)) [0m
  [1m[35m (11.4ms)[0m  CREATE TABLE "schema_migrations" ("version" varchar(255) NOT NULL) 
  [1m[36m (11.1ms)[0m  [1mCREATE UNIQUE INDEX "unique_schema_migrations" ON "schema_migrations" ("version")[0m
  [1m[35m (0.1ms)[0m  SELECT version FROM "schema_migrations"
  [1m[36m (12.6ms)[0m  [1mINSERT INTO "schema_migrations" (version) VALUES ('20161121082016')[0m
  [1m[35m (11.7ms)[0m  INSERT INTO "schema_migrations" (version) VALUES ('20111119180638')
Connecting to database specified by database.yml
  [1m[36m (3.0ms)[0m  [1mSELECT "schema_migrations"."version" FROM "schema_migrations" [0m
  [1m[35m (0.3ms)[0m  select sqlite_version(*)
  [1m[36m (15.4ms)[0m  [1mCREATE TABLE "movies" ("id" INTEGER PRIMARY KEY AUTOINCREMENT NOT NULL, "title" varchar(255), "rating" varchar(255), "description" text, "release_date" datetime, "created_at" datetime, "updated_at" datetime, "director" varchar(255)) [0m
  [1m[35m (10.2ms)[0m  CREATE TABLE "schema_migrations" ("version" varchar(255) NOT NULL) 
  [1m[36m (13.1ms)[0m  [1mCREATE UNIQUE INDEX "unique_schema_migrations" ON "schema_migrations" ("version")[0m
  [1m[35m (0.1ms)[0m  SELECT version FROM "schema_migrations"
  [1m[36m (10.1ms)[0m  [1mINSERT INTO "schema_migrations" (version) VALUES ('20161121082016')[0m
  [1m[35m (11.7ms)[0m  INSERT INTO "schema_migrations" (version) VALUES ('20111119180638')
Connecting to database specified by database.yml
  [1m[36m (2.8ms)[0m  [1mSELECT "schema_migrations"."version" FROM "schema_migrations" [0m
  [1m[35m (0.3ms)[0m  select sqlite_version(*)
  [1m[36m (13.8ms)[0m  [1mCREATE TABLE "movies" ("id" INTEGER PRIMARY KEY AUTOINCREMENT NOT NULL, "title" varchar(255), "rating" varchar(255), "description" text, "release_date" datetime, "created_at" datetime, "updated_at" datetime, "director" varchar(255)) [0m
  [1m[35m (10.1ms)[0m  CREATE TABLE "schema_migrations" ("version" varchar(255) NOT NULL) 
  [1m[36m (12.1ms)[0m  [1mCREATE UNIQUE INDEX "unique_schema_migrations" ON "schema_migrations" ("version")[0m
  [1m[35m (0.1ms)[0m  SELECT version FROM "schema_migrations"
  [1m[36m (7.3ms)[0m  [1mINSERT INTO "schema_migrations" (version) VALUES ('20161121082016')[0m
  [1m[35m (8.1ms)[0m  INSERT INTO "schema_migrations" (version) VALUES ('20111119180638')
Connecting to database specified by database.yml
  [1m[36m (2.9ms)[0m  [1mSELECT "schema_migrations"."version" FROM "schema_migrations" [0m
  [1m[35m (0.3ms)[0m  select sqlite_version(*)
  [1m[36m (14.3ms)[0m  [1mCREATE TABLE "movies" ("id" INTEGER PRIMARY KEY AUTOINCREMENT NOT NULL, "title" varchar(255), "rating" varchar(255), "description" text, "release_date" datetime, "created_at" datetime, "updated_at" datetime, "director" varchar(255)) [0m
  [1m[35m (10.4ms)[0m  CREATE TABLE "schema_migrations" ("version" varchar(255) NOT NULL) 
  [1m[36m (11.8ms)[0m  [1mCREATE UNIQUE INDEX "unique_schema_migrations" ON "schema_migrations" ("version")[0m
  [1m[35m (0.1ms)[0m  SELECT version FROM "schema_migrations"
  [1m[36m (7.4ms)[0m  [1mINSERT INTO "schema_migrations" (version) VALUES ('20161121082016')[0m
  [1m[35m (8.5ms)[0m  INSERT INTO "schema_migrations" (version) VALUES ('20111119180638')


Started GET "/" for 50.24.144.75 at 2016-11-22 03:26:52 +0000
Connecting to database specified by database.yml
Processing by MoviesController#index as HTML
  [1m[36mMovie Load (0.5ms)[0m  [1mSELECT "movies".* FROM "movies" WHERE "movies"."rating" IN ('G', 'PG', 'PG-13', 'NC-17', 'R')[0m
  Rendered movies/index.html.haml within layouts/application (22.0ms)
Compiled application.css  (0ms)  (pid 31274)
Compiled jquery.js  (31ms)  (pid 31274)
Compiled jquery_ujs.js  (0ms)  (pid 31274)
Compiled application.js  (58ms)  (pid 31274)
Completed 200 OK in 294.3ms (Views: 179.0ms | ActiveRecord: 3.3ms)


Started GET "/assets/application.css?body=1" for 50.24.144.75 at 2016-11-22 03:26:53 +0000
Served asset /application.css - 200 OK (2ms)


Started GET "/assets/jquery.js?body=1" for 50.24.144.75 at 2016-11-22 03:26:53 +0000
Served asset /jquery.js - 200 OK (2ms)


Started GET "/assets/jquery_ujs.js?body=1" for 50.24.144.75 at 2016-11-22 03:26:53 +0000
Served asset /jquery_ujs.js - 200 OK (2ms)


Started GET "/assets/application.js?body=1" for 50.24.144.75 at 2016-11-22 03:26:53 +0000
Served asset /application.js - 200 OK (4ms)


Started GET "/movies?utf8=%E2%9C%93&ratings%5BG%5D=1&ratings%5BPG%5D=1&ratings%5BPG-13%5D=1&ratings%5BNC-17%5D=1&ratings%5BR%5D=1&commit=Refresh" for 50.24.144.75 at 2016-11-22 03:26:59 +0000
Processing by MoviesController#index as HTML
  Parameters: {"utf8"=>"✓", "ratings"=>{"G"=>"1", "PG"=>"1", "PG-13"=>"1", "NC-17"=>"1", "R"=>"1"}, "commit"=>"Refresh"}
Redirected to https://hw5-sjaladi.c9users.io/movies?ratings%5BG%5D=1&ratings%5BNC-17%5D=1&ratings%5BPG%5D=1&ratings%5BPG-13%5D=1&ratings%5BR%5D=1
Completed 302 Found in 1.9ms (ActiveRecord: 0.0ms)


Started GET "/movies?ratings%5BG%5D=1&ratings%5BNC-17%5D=1&ratings%5BPG%5D=1&ratings%5BPG-13%5D=1&ratings%5BR%5D=1" for 50.24.144.75 at 2016-11-22 03:26:59 +0000
Processing by MoviesController#index as HTML
  Parameters: {"ratings"=>{"G"=>"1", "NC-17"=>"1", "PG"=>"1", "PG-13"=>"1", "R"=>"1"}}
  [1m[35mMovie Load (0.4ms)[0m  SELECT "movies".* FROM "movies" WHERE "movies"."rating" IN ('G', 'NC-17', 'PG', 'PG-13', 'R')
  Rendered movies/index.html.haml within layouts/application (16.9ms)
Completed 200 OK in 25.3ms (Views: 22.2ms | ActiveRecord: 0.4ms)


Started GET "/assets/jquery.js?body=1" for 50.24.144.75 at 2016-11-22 03:26:59 +0000
Served asset /jquery.js - 304 Not Modified (0ms)


Started GET "/movies/1" for 50.24.144.75 at 2016-11-22 03:28:45 +0000
Processing by MoviesController#show as HTML
  Parameters: {"id"=>"1"}
  [1m[36mMovie Load (0.4ms)[0m  [1mSELECT "movies".* FROM "movies" WHERE "movies"."id" = ? LIMIT 1[0m  [["id", "1"]]
  Rendered movies/show.html.haml within layouts/application (40.2ms)
Completed 500 Internal Server Error in 47.0ms

ActionView::Template::Error (The line was indented 2 levels deeper than the previous line.):
    13:     Director:
    14:     = @movie.director
    15:   %p
    16:       =link_to 'Find Movies With Same Director', dir_same_path
    17: %h3 Description:
    18: 
    19: %p#description= @movie.description
  app/views/movies/show.html.haml:16


  Rendered /usr/local/rvm/gems/ruby-1.9.3-p551/gems/actionpack-3.2.18/lib/action_dispatch/middleware/templates/rescues/_trace.erb (1.4ms)
  Rendered /usr/local/rvm/gems/ruby-1.9.3-p551/gems/actionpack-3.2.18/lib/action_dispatch/middleware/templates/rescues/_request_and_response.erb (1.0ms)
  Rendered /usr/local/rvm/gems/ruby-1.9.3-p551/gems/actionpack-3.2.18/lib/action_dispatch/middleware/templates/rescues/template_error.erb within rescues/layout (17.2ms)


Started GET "/" for 50.24.144.75 at 2016-11-22 03:32:04 +0000
Connecting to database specified by database.yml
Processing by MoviesController#index as HTML
Redirected to https://hw5-sjaladi.c9users.io/movies?ratings%5BG%5D=1&ratings%5BNC-17%5D=1&ratings%5BPG%5D=1&ratings%5BPG-13%5D=1&ratings%5BR%5D=1
Completed 302 Found in 1.3ms (ActiveRecord: 0.0ms)


Started GET "/movies?ratings%5BG%5D=1&ratings%5BNC-17%5D=1&ratings%5BPG%5D=1&ratings%5BPG-13%5D=1&ratings%5BR%5D=1" for 50.24.144.75 at 2016-11-22 03:32:05 +0000
Processing by MoviesController#index as HTML
  Parameters: {"ratings"=>{"G"=>"1", "NC-17"=>"1", "PG"=>"1", "PG-13"=>"1", "R"=>"1"}}
  [1m[36mMovie Load (0.4ms)[0m  [1mSELECT "movies".* FROM "movies" WHERE "movies"."rating" IN ('G', 'NC-17', 'PG', 'PG-13', 'R')[0m
  Rendered movies/index.html.haml within layouts/application (18.8ms)
Completed 200 OK in 145.5ms (Views: 65.7ms | ActiveRecord: 3.1ms)


Started GET "/assets/jquery.js?body=1" for 50.24.144.75 at 2016-11-22 03:32:05 +0000
Served asset /jquery.js - 304 Not Modified (34ms)


Started GET "/movies/1" for 50.24.144.75 at 2016-11-22 03:32:10 +0000
Processing by MoviesController#show as HTML
  Parameters: {"id"=>"1"}
  [1m[35mMovie Load (0.3ms)[0m  SELECT "movies".* FROM "movies" WHERE "movies"."id" = ? LIMIT 1  [["id", "1"]]
  Rendered movies/show.html.haml within layouts/application (4.6ms)
Completed 200 OK in 12.9ms (Views: 9.8ms | ActiveRecord: 0.3ms)


Started GET "/assets/jquery.js?body=1" for 50.24.144.75 at 2016-11-22 03:32:10 +0000
Served asset /jquery.js - 304 Not Modified (0ms)


Started GET "/movies/1/director" for 50.24.144.75 at 2016-11-22 03:32:29 +0000
Processing by MoviesController#dir_same as HTML
  Parameters: {"id"=>"1"}
  [1m[36mMovie Load (0.2ms)[0m  [1mSELECT "movies".* FROM "movies" WHERE "movies"."id" = ? LIMIT 1[0m  [["id", "1"]]
Redirected to https://hw5-sjaladi.c9users.io/movies
  [1m[35mMovie Load (0.4ms)[0m  SELECT "movies".* FROM "movies" WHERE "movies"."director" IS NULL
Completed 302 Found in 10.0ms (ActiveRecord: 0.6ms)


Started GET "/movies" for 50.24.144.75 at 2016-11-22 03:32:29 +0000
Processing by MoviesController#index as HTML
Redirected to https://hw5-sjaladi.c9users.io/movies?ratings%5BG%5D=1&ratings%5BNC-17%5D=1&ratings%5BPG%5D=1&ratings%5BPG-13%5D=1&ratings%5BR%5D=1
Completed 302 Found in 0.9ms (ActiveRecord: 0.0ms)


Started GET "/movies?ratings%5BG%5D=1&ratings%5BNC-17%5D=1&ratings%5BPG%5D=1&ratings%5BPG-13%5D=1&ratings%5BR%5D=1" for 50.24.144.75 at 2016-11-22 03:32:29 +0000
Processing by MoviesController#index as HTML
  Parameters: {"ratings"=>{"G"=>"1", "NC-17"=>"1", "PG"=>"1", "PG-13"=>"1", "R"=>"1"}}
  [1m[36mMovie Load (0.4ms)[0m  [1mSELECT "movies".* FROM "movies" WHERE "movies"."rating" IN ('G', 'NC-17', 'PG', 'PG-13', 'R')[0m
  Rendered movies/index.html.haml within layouts/application (11.5ms)
Completed 200 OK in 19.1ms (Views: 16.8ms | ActiveRecord: 0.4ms)


Started GET "/assets/jquery.js?body=1" for 50.24.144.75 at 2016-11-22 03:32:29 +0000
Served asset /jquery.js - 304 Not Modified (0ms)
Connecting to database specified by database.yml
  [1m[36m (2.9ms)[0m  [1mSELECT "schema_migrations"."version" FROM "schema_migrations" [0m
  [1m[35m (0.3ms)[0m  select sqlite_version(*)
  [1m[36m (13.7ms)[0m  [1mCREATE TABLE "movies" ("id" INTEGER PRIMARY KEY AUTOINCREMENT NOT NULL, "title" varchar(255), "rating" varchar(255), "description" text, "release_date" datetime, "created_at" datetime, "updated_at" datetime, "director" varchar(255)) [0m
  [1m[35m (10.3ms)[0m  CREATE TABLE "schema_migrations" ("version" varchar(255) NOT NULL) 
  [1m[36m (13.0ms)[0m  [1mCREATE UNIQUE INDEX "unique_schema_migrations" ON "schema_migrations" ("version")[0m
  [1m[35m (0.1ms)[0m  SELECT version FROM "schema_migrations"
  [1m[36m (9.7ms)[0m  [1mINSERT INTO "schema_migrations" (version) VALUES ('20161121082016')[0m
  [1m[35m (9.7ms)[0m  INSERT INTO "schema_migrations" (version) VALUES ('20111119180638')


Started GET "/" for 50.24.144.75 at 2016-11-22 03:35:00 +0000
Connecting to database specified by database.yml
Processing by MoviesController#index as HTML
Redirected to https://hw5-sjaladi.c9users.io/movies?ratings%5BG%5D=1&ratings%5BNC-17%5D=1&ratings%5BPG%5D=1&ratings%5BPG-13%5D=1&ratings%5BR%5D=1
Completed 302 Found in 1.2ms (ActiveRecord: 0.0ms)


Started GET "/movies?ratings%5BG%5D=1&ratings%5BNC-17%5D=1&ratings%5BPG%5D=1&ratings%5BPG-13%5D=1&ratings%5BR%5D=1" for 50.24.144.75 at 2016-11-22 03:35:01 +0000
Processing by MoviesController#index as HTML
  Parameters: {"ratings"=>{"G"=>"1", "NC-17"=>"1", "PG"=>"1", "PG-13"=>"1", "R"=>"1"}}
  [1m[36mMovie Load (0.4ms)[0m  [1mSELECT "movies".* FROM "movies" WHERE "movies"."rating" IN ('G', 'NC-17', 'PG', 'PG-13', 'R')[0m
  Rendered movies/index.html.haml within layouts/application (19.9ms)
Completed 200 OK in 184.6ms (Views: 80.0ms | ActiveRecord: 3.6ms)


Started GET "/assets/jquery.js?body=1" for 50.24.144.75 at 2016-11-22 03:35:01 +0000
Served asset /jquery.js - 304 Not Modified (37ms)


Started GET "/movies/6" for 50.24.144.75 at 2016-11-22 03:35:21 +0000
Processing by MoviesController#show as HTML
  Parameters: {"id"=>"6"}
  [1m[35mMovie Load (0.3ms)[0m  SELECT "movies".* FROM "movies" WHERE "movies"."id" = ? LIMIT 1  [["id", "6"]]
  Rendered movies/show.html.haml within layouts/application (4.2ms)
Completed 200 OK in 11.8ms (Views: 9.0ms | ActiveRecord: 0.3ms)


Started GET "/assets/jquery.js?body=1" for 50.24.144.75 at 2016-11-22 03:35:21 +0000
Served asset /jquery.js - 304 Not Modified (0ms)


Started GET "/movies/6/edit" for 50.24.144.75 at 2016-11-22 03:35:27 +0000
Processing by MoviesController#edit as HTML
  Parameters: {"id"=>"6"}
  [1m[36mMovie Load (0.2ms)[0m  [1mSELECT "movies".* FROM "movies" WHERE "movies"."id" = ? LIMIT 1[0m  [["id", "6"]]
  Rendered movies/edit.html.haml within layouts/application (9.7ms)
Completed 200 OK in 16.7ms (Views: 14.7ms | ActiveRecord: 0.2ms)


Started GET "/assets/jquery.js?body=1" for 50.24.144.75 at 2016-11-22 03:35:27 +0000
Served asset /jquery.js - 304 Not Modified (0ms)


Started PUT "/movies/6" for 50.24.144.75 at 2016-11-22 03:35:37 +0000
Processing by MoviesController#update as HTML
  Parameters: {"utf8"=>"✓", "authenticity_token"=>"5wfbmZGS5XqspPyOYNGoza9mISrgNlCK257eL2Hs8xA=", "movie"=>{"title"=>"Amelie", "director"=>"some guy", "rating"=>"R", "release_date(1i)"=>"2001", "release_date(2i)"=>"4", "release_date(3i)"=>"25"}, "commit"=>"Update Movie Info", "id"=>"6"}
  [1m[35mMovie Load (0.2ms)[0m  SELECT "movies".* FROM "movies" WHERE "movies"."id" = ? LIMIT 1  [["id", "6"]]
  [1m[36m (0.1ms)[0m  [1mbegin transaction[0m
WARNING: Can't mass-assign protected attributes: director
  [1m[35m (0.0ms)[0m  commit transaction
Redirected to https://hw5-sjaladi.c9users.io/movies/6
Completed 302 Found in 4.6ms (ActiveRecord: 0.3ms)


Started GET "/movies/6" for 50.24.144.75 at 2016-11-22 03:35:37 +0000
Processing by MoviesController#show as HTML
  Parameters: {"id"=>"6"}
  [1m[36mMovie Load (0.2ms)[0m  [1mSELECT "movies".* FROM "movies" WHERE "movies"."id" = ? LIMIT 1[0m  [["id", "6"]]
  Rendered movies/show.html.haml within layouts/application (2.2ms)
Completed 200 OK in 8.7ms (Views: 7.4ms | ActiveRecord: 0.2ms)


Started GET "/assets/jquery.js?body=1" for 50.24.144.75 at 2016-11-22 03:35:38 +0000
Served asset /jquery.js - 304 Not Modified (0ms)


Started GET "/movies" for 50.24.144.75 at 2016-11-22 03:35:42 +0000
Processing by MoviesController#index as HTML
Redirected to https://hw5-sjaladi.c9users.io/movies?ratings%5BG%5D=1&ratings%5BNC-17%5D=1&ratings%5BPG%5D=1&ratings%5BPG-13%5D=1&ratings%5BR%5D=1
Completed 302 Found in 1.0ms (ActiveRecord: 0.0ms)


Started GET "/movies?ratings%5BG%5D=1&ratings%5BNC-17%5D=1&ratings%5BPG%5D=1&ratings%5BPG-13%5D=1&ratings%5BR%5D=1" for 50.24.144.75 at 2016-11-22 03:35:42 +0000
Processing by MoviesController#index as HTML
  Parameters: {"ratings"=>{"G"=>"1", "NC-17"=>"1", "PG"=>"1", "PG-13"=>"1", "R"=>"1"}}
  [1m[35mMovie Load (0.5ms)[0m  SELECT "movies".* FROM "movies" WHERE "movies"."rating" IN ('G', 'NC-17', 'PG', 'PG-13', 'R')
  Rendered movies/index.html.haml within layouts/application (12.2ms)
Completed 200 OK in 21.0ms (Views: 17.6ms | ActiveRecord: 0.5ms)


Started GET "/assets/jquery.js?body=1" for 50.24.144.75 at 2016-11-22 03:35:42 +0000
Served asset /jquery.js - 304 Not Modified (0ms)


Started GET "/movies/6" for 50.24.144.75 at 2016-11-22 03:36:00 +0000
Processing by MoviesController#show as HTML
  Parameters: {"id"=>"6"}
  [1m[36mMovie Load (0.2ms)[0m  [1mSELECT "movies".* FROM "movies" WHERE "movies"."id" = ? LIMIT 1[0m  [["id", "6"]]
  Rendered movies/show.html.haml within layouts/application (1.8ms)
Completed 200 OK in 8.5ms (Views: 7.0ms | ActiveRecord: 0.2ms)


Started GET "/assets/jquery.js?body=1" for 50.24.144.75 at 2016-11-22 03:36:00 +0000
Served asset /jquery.js - 304 Not Modified (0ms)


Started GET "/movies/16" for 50.24.144.75 at 2016-11-22 03:36:06 +0000
Processing by MoviesController#show as HTML
  Parameters: {"id"=>"16"}
  [1m[35mMovie Load (0.2ms)[0m  SELECT "movies".* FROM "movies" WHERE "movies"."id" = ? LIMIT 1  [["id", "16"]]
  Rendered movies/show.html.haml within layouts/application (1.7ms)
Completed 200 OK in 7.8ms (Views: 6.5ms | ActiveRecord: 0.2ms)


Started GET "/assets/jquery.js?body=1" for 50.24.144.75 at 2016-11-22 03:36:06 +0000
Served asset /jquery.js - 304 Not Modified (0ms)


Started GET "/movies/5" for 50.24.144.75 at 2016-11-22 03:36:22 +0000
Processing by MoviesController#show as HTML
  Parameters: {"id"=>"5"}
  [1m[36mMovie Load (0.2ms)[0m  [1mSELECT "movies".* FROM "movies" WHERE "movies"."id" = ? LIMIT 1[0m  [["id", "5"]]
  Rendered movies/show.html.haml within layouts/application (1.7ms)
Completed 200 OK in 7.8ms (Views: 6.4ms | ActiveRecord: 0.2ms)


Started GET "/assets/jquery.js?body=1" for 50.24.144.75 at 2016-11-22 03:36:22 +0000
Served asset /jquery.js - 304 Not Modified (0ms)


Started GET "/movies/5/edit" for 50.24.144.75 at 2016-11-22 03:36:26 +0000
Processing by MoviesController#edit as HTML
  Parameters: {"id"=>"5"}
  [1m[35mMovie Load (0.2ms)[0m  SELECT "movies".* FROM "movies" WHERE "movies"."id" = ? LIMIT 1  [["id", "5"]]
  Rendered movies/edit.html.haml within layouts/application (4.1ms)
Completed 200 OK in 10.0ms (Views: 8.6ms | ActiveRecord: 0.2ms)


Started GET "/assets/jquery.js?body=1" for 50.24.144.75 at 2016-11-22 03:36:26 +0000
Served asset /jquery.js - 304 Not Modified (0ms)


Started PUT "/movies/5" for 50.24.144.75 at 2016-11-22 03:36:32 +0000
Processing by MoviesController#update as HTML
  Parameters: {"utf8"=>"✓", "authenticity_token"=>"5wfbmZGS5XqspPyOYNGoza9mISrgNlCK257eL2Hs8xA=", "movie"=>{"title"=>"Chocolat", "director"=>"okay", "rating"=>"PG-13", "release_date(1i)"=>"2001", "release_date(2i)"=>"1", "release_date(3i)"=>"5"}, "commit"=>"Update Movie Info", "id"=>"5"}
  [1m[36mMovie Load (0.2ms)[0m  [1mSELECT "movies".* FROM "movies" WHERE "movies"."id" = ? LIMIT 1[0m  [["id", "5"]]
  [1m[35m (0.1ms)[0m  begin transaction
WARNING: Can't mass-assign protected attributes: director
  [1m[36m (0.0ms)[0m  [1mcommit transaction[0m
Redirected to https://hw5-sjaladi.c9users.io/movies/5
Completed 302 Found in 3.4ms (ActiveRecord: 0.3ms)


Started GET "/movies/5" for 50.24.144.75 at 2016-11-22 03:36:32 +0000
Processing by MoviesController#show as HTML
  Parameters: {"id"=>"5"}
  [1m[35mMovie Load (0.1ms)[0m  SELECT "movies".* FROM "movies" WHERE "movies"."id" = ? LIMIT 1  [["id", "5"]]
  Rendered movies/show.html.haml within layouts/application (1.8ms)
Completed 200 OK in 7.6ms (Views: 6.6ms | ActiveRecord: 0.1ms)


Started GET "/assets/jquery.js?body=1" for 50.24.144.75 at 2016-11-22 03:36:32 +0000
Served asset /jquery.js - 304 Not Modified (0ms)


Started GET "/" for 50.24.144.75 at 2016-11-22 03:48:31 +0000
Connecting to database specified by database.yml
Processing by MoviesController#index as HTML
Redirected to https://hw5-sjaladi.c9users.io/movies?ratings%5BG%5D=1&ratings%5BNC-17%5D=1&ratings%5BPG%5D=1&ratings%5BPG-13%5D=1&ratings%5BR%5D=1
Completed 302 Found in 1.2ms (ActiveRecord: 0.0ms)


Started GET "/movies?ratings%5BG%5D=1&ratings%5BNC-17%5D=1&ratings%5BPG%5D=1&ratings%5BPG-13%5D=1&ratings%5BR%5D=1" for 50.24.144.75 at 2016-11-22 03:48:32 +0000
Processing by MoviesController#index as HTML
  Parameters: {"ratings"=>{"G"=>"1", "NC-17"=>"1", "PG"=>"1", "PG-13"=>"1", "R"=>"1"}}
  [1m[36mMovie Load (0.4ms)[0m  [1mSELECT "movies".* FROM "movies" WHERE "movies"."rating" IN ('G', 'NC-17', 'PG', 'PG-13', 'R')[0m
  Rendered movies/index.html.haml within layouts/application (18.7ms)
Completed 200 OK in 159.4ms (Views: 67.2ms | ActiveRecord: 3.3ms)


Started GET "/assets/application.css?body=1" for 50.24.144.75 at 2016-11-22 03:48:32 +0000
Served asset /application.css - 304 Not Modified (1ms)


Started GET "/assets/jquery.js?body=1" for 50.24.144.75 at 2016-11-22 03:48:32 +0000
Served asset /jquery.js - 304 Not Modified (36ms)


Started GET "/assets/application.js?body=1" for 50.24.144.75 at 2016-11-22 03:48:32 +0000
Served asset /application.js - 304 Not Modified (4ms)


Started GET "/assets/jquery_ujs.js?body=1" for 50.24.144.75 at 2016-11-22 03:48:32 +0000
Served asset /jquery_ujs.js - 304 Not Modified (1ms)


Started GET "/movies/1" for 50.24.144.75 at 2016-11-22 03:48:39 +0000
Processing by MoviesController#show as HTML
  Parameters: {"id"=>"1"}
  [1m[35mMovie Load (0.3ms)[0m  SELECT "movies".* FROM "movies" WHERE "movies"."id" = ? LIMIT 1  [["id", "1"]]
  Rendered movies/show.html.haml within layouts/application (51.5ms)
Completed 500 Internal Server Error in 56.0ms

ActionView::Template::Error (undefined method `similar_director_path' for #<#<Class:0x007f8c4c01f100>:0x007f8c4c92d580>):
    19: = link_to 'Edit', edit_movie_path(@movie)
    20: = button_to 'Delete', movie_path(@movie), :method => :delete, :confirm => 'Are you sure?'
    21: = link_to 'Back to movie list', movies_path
    22: = link_to 'Find Movies With Same Director',similar_director_path(@movie)
  app/views/movies/show.html.haml:22:in `_app_views_movies_show_html_haml___358713489215758362_70120278417300'


  Rendered /usr/local/rvm/gems/ruby-1.9.3-p551/gems/actionpack-3.2.18/lib/action_dispatch/middleware/templates/rescues/_trace.erb (1.2ms)
  Rendered /usr/local/rvm/gems/ruby-1.9.3-p551/gems/actionpack-3.2.18/lib/action_dispatch/middleware/templates/rescues/_request_and_response.erb (0.9ms)
  Rendered /usr/local/rvm/gems/ruby-1.9.3-p551/gems/actionpack-3.2.18/lib/action_dispatch/middleware/templates/rescues/template_error.erb within rescues/layout (11.4ms)


Started GET "/" for 50.24.144.75 at 2016-11-22 03:54:36 +0000
Connecting to database specified by database.yml
Processing by MoviesController#index as HTML
Redirected to https://hw5-sjaladi.c9users.io/movies?ratings%5BG%5D=1&ratings%5BNC-17%5D=1&ratings%5BPG%5D=1&ratings%5BPG-13%5D=1&ratings%5BR%5D=1
Completed 302 Found in 1.4ms (ActiveRecord: 0.0ms)


Started GET "/movies?ratings%5BG%5D=1&ratings%5BNC-17%5D=1&ratings%5BPG%5D=1&ratings%5BPG-13%5D=1&ratings%5BR%5D=1" for 50.24.144.75 at 2016-11-22 03:54:37 +0000
Processing by MoviesController#index as HTML
  Parameters: {"ratings"=>{"G"=>"1", "NC-17"=>"1", "PG"=>"1", "PG-13"=>"1", "R"=>"1"}}
  [1m[36mMovie Load (0.4ms)[0m  [1mSELECT "movies".* FROM "movies" WHERE "movies"."rating" IN ('G', 'NC-17', 'PG', 'PG-13', 'R')[0m
  Rendered movies/index.html.haml within layouts/application (17.8ms)
Completed 200 OK in 166.3ms (Views: 70.4ms | ActiveRecord: 3.3ms)


Started GET "/assets/application.css?body=1" for 50.24.144.75 at 2016-11-22 03:54:37 +0000
Served asset /application.css - 304 Not Modified (2ms)


Started GET "/assets/jquery.js?body=1" for 50.24.144.75 at 2016-11-22 03:54:37 +0000
Served asset /jquery.js - 304 Not Modified (3ms)


Started GET "/assets/jquery_ujs.js?body=1" for 50.24.144.75 at 2016-11-22 03:54:37 +0000
Served asset /jquery_ujs.js - 304 Not Modified (2ms)


Started GET "/assets/application.js?body=1" for 50.24.144.75 at 2016-11-22 03:54:37 +0000
Served asset /application.js - 304 Not Modified (4ms)


Started GET "/movies/1" for 50.24.144.75 at 2016-11-22 03:54:41 +0000
Processing by MoviesController#show as HTML
  Parameters: {"id"=>"1"}
  [1m[35mMovie Load (0.4ms)[0m  SELECT "movies".* FROM "movies" WHERE "movies"."id" = ? LIMIT 1  [["id", "1"]]
  Rendered movies/show.html.haml within layouts/application (50.6ms)
Completed 500 Internal Server Error in 55.5ms

ActionView::Template::Error (undefined method `similar_director_path' for #<#<Class:0x007fa3b02fced8>:0x007fa3b067d698>):
    20: = link_to 'Edit', edit_movie_path(@movie)
    21: = button_to 'Delete', movie_path(@movie), :method => :delete, :confirm => 'Are you sure?'
    22: = link_to 'Back to movie list', movies_path
    23: = link_to 'Find Movies With Same Director',similar_director_path(@movie)
  app/views/movies/show.html.haml:23:in `_app_views_movies_show_html_haml__2838837131901031007_70170507992720'


  Rendered /usr/local/rvm/gems/ruby-1.9.3-p551/gems/actionpack-3.2.18/lib/action_dispatch/middleware/templates/rescues/_trace.erb (1.1ms)
  Rendered /usr/local/rvm/gems/ruby-1.9.3-p551/gems/actionpack-3.2.18/lib/action_dispatch/middleware/templates/rescues/_request_and_response.erb (0.9ms)
  Rendered /usr/local/rvm/gems/ruby-1.9.3-p551/gems/actionpack-3.2.18/lib/action_dispatch/middleware/templates/rescues/template_error.erb within rescues/layout (11.2ms)


Started GET "/" for 50.24.144.75 at 2016-11-22 04:02:34 +0000
Connecting to database specified by database.yml
Processing by MoviesController#index as HTML
Redirected to https://hw5-sjaladi.c9users.io/movies?ratings%5BG%5D=1&ratings%5BNC-17%5D=1&ratings%5BPG%5D=1&ratings%5BPG-13%5D=1&ratings%5BR%5D=1
Completed 302 Found in 2.3ms (ActiveRecord: 0.0ms)


Started GET "/movies?ratings%5BG%5D=1&ratings%5BNC-17%5D=1&ratings%5BPG%5D=1&ratings%5BPG-13%5D=1&ratings%5BR%5D=1" for 50.24.144.75 at 2016-11-22 04:02:36 +0000
Processing by MoviesController#index as HTML
  Parameters: {"ratings"=>{"G"=>"1", "NC-17"=>"1", "PG"=>"1", "PG-13"=>"1", "R"=>"1"}}
  [1m[36mMovie Load (0.7ms)[0m  [1mSELECT "movies".* FROM "movies" WHERE "movies"."rating" IN ('G', 'NC-17', 'PG', 'PG-13', 'R')[0m
  Rendered movies/index.html.haml within layouts/application (37.6ms)
Completed 200 OK in 304.3ms (Views: 133.0ms | ActiveRecord: 5.1ms)


Started GET "/assets/jquery.js?body=1" for 50.24.144.75 at 2016-11-22 04:02:36 +0000
Served asset /jquery.js - 304 Not Modified (54ms)


Started GET "/assets/application.css?body=1" for 50.24.144.75 at 2016-11-22 04:02:36 +0000
Served asset /application.css - 304 Not Modified (15ms)


Started GET "/assets/application.js?body=1" for 50.24.144.75 at 2016-11-22 04:02:36 +0000
Served asset /application.js - 304 Not Modified (9ms)


Started GET "/assets/jquery_ujs.js?body=1" for 50.24.144.75 at 2016-11-22 04:02:36 +0000
Served asset /jquery_ujs.js - 304 Not Modified (16ms)


Started GET "/movies/1" for 50.24.144.75 at 2016-11-22 04:02:39 +0000
Processing by MoviesController#show as HTML
  Parameters: {"id"=>"1"}
  [1m[35mMovie Load (4.4ms)[0m  SELECT "movies".* FROM "movies" WHERE "movies"."id" = ? LIMIT 1  [["id", "1"]]
  Rendered movies/show.html.haml within layouts/application (95.9ms)
Completed 500 Internal Server Error in 110.9ms

ActionView::Template::Error (undefined method `similar_director_path' for #<#<Class:0x007f41542fd720>:0x007f4154a0b300>):
    20: = link_to 'Edit', edit_movie_path(@movie)
    21: = button_to 'Delete', movie_path(@movie), :method => :delete, :confirm => 'Are you sure?'
    22: = link_to 'Back to movie list', movies_path
    23: = link_to 'Find Movies With Same Director',similar_director_path(@movie)
  app/views/movies/show.html.haml:23:in `_app_views_movies_show_html_haml__2715203340583480021_69959282071700'


  Rendered /usr/local/rvm/gems/ruby-1.9.3-p551/gems/actionpack-3.2.18/lib/action_dispatch/middleware/templates/rescues/_trace.erb (2.1ms)
  Rendered /usr/local/rvm/gems/ruby-1.9.3-p551/gems/actionpack-3.2.18/lib/action_dispatch/middleware/templates/rescues/_request_and_response.erb (1.7ms)
  Rendered /usr/local/rvm/gems/ruby-1.9.3-p551/gems/actionpack-3.2.18/lib/action_dispatch/middleware/templates/rescues/template_error.erb within rescues/layout (19.8ms)


Started GET "/" for 50.24.144.75 at 2016-11-22 04:12:40 +0000
Connecting to database specified by database.yml
Processing by MoviesController#index as HTML
Redirected to https://hw5-sjaladi.c9users.io/movies?ratings%5BG%5D=1&ratings%5BNC-17%5D=1&ratings%5BPG%5D=1&ratings%5BPG-13%5D=1&ratings%5BR%5D=1
Completed 302 Found in 10.4ms (ActiveRecord: 0.0ms)


Started GET "/movies?ratings%5BG%5D=1&ratings%5BNC-17%5D=1&ratings%5BPG%5D=1&ratings%5BPG-13%5D=1&ratings%5BR%5D=1" for 50.24.144.75 at 2016-11-22 04:12:42 +0000
Processing by MoviesController#index as HTML
  Parameters: {"ratings"=>{"G"=>"1", "NC-17"=>"1", "PG"=>"1", "PG-13"=>"1", "R"=>"1"}}
  [1m[36mMovie Load (0.6ms)[0m  [1mSELECT "movies".* FROM "movies" WHERE "movies"."rating" IN ('G', 'NC-17', 'PG', 'PG-13', 'R')[0m
  Rendered movies/index.html.haml within layouts/application (50.3ms)
Completed 200 OK in 366.7ms (Views: 167.0ms | ActiveRecord: 5.5ms)


Started GET "/assets/application.css?body=1" for 50.24.144.75 at 2016-11-22 04:12:43 +0000
Served asset /application.css - 304 Not Modified (74ms)


Started GET "/assets/jquery.js?body=1" for 50.24.144.75 at 2016-11-22 04:12:43 +0000
Served asset /jquery.js - 304 Not Modified (13ms)


Started GET "/assets/application.js?body=1" for 50.24.144.75 at 2016-11-22 04:12:43 +0000
Served asset /application.js - 304 Not Modified (27ms)


Started GET "/assets/jquery_ujs.js?body=1" for 50.24.144.75 at 2016-11-22 04:12:43 +0000
Served asset /jquery_ujs.js - 304 Not Modified (3ms)


Started GET "/movies/1" for 50.24.144.75 at 2016-11-22 04:13:06 +0000
Processing by MoviesController#show as HTML
  Parameters: {"id"=>"1"}
  [1m[35mMovie Load (0.4ms)[0m  SELECT "movies".* FROM "movies" WHERE "movies"."id" = ? LIMIT 1  [["id", "1"]]
  Rendered movies/show.html.haml within layouts/application (159.2ms)
Completed 500 Internal Server Error in 167.5ms

ActionView::Template::Error (undefined method `similar_director_path' for #<#<Class:0x007f0dd865ae90>:0x007f0dd83d99c8>):
    20: = link_to 'Edit', edit_movie_path(@movie)
    21: = button_to 'Delete', movie_path(@movie), :method => :delete, :confirm => 'Are you sure?'
    22: = link_to 'Back to movie list', movies_path
    23: = link_to 'Find Movies With Same Director',similar_director_path(@movie)
  app/views/movies/show.html.haml:23:in `_app_views_movies_show_html_haml__3689996203069226046_69848719606420'


  Rendered /usr/local/rvm/gems/ruby-1.9.3-p551/gems/actionpack-3.2.18/lib/action_dispatch/middleware/templates/rescues/_trace.erb (2.1ms)
  Rendered /usr/local/rvm/gems/ruby-1.9.3-p551/gems/actionpack-3.2.18/lib/action_dispatch/middleware/templates/rescues/_request_and_response.erb (1.9ms)
  Rendered /usr/local/rvm/gems/ruby-1.9.3-p551/gems/actionpack-3.2.18/lib/action_dispatch/middleware/templates/rescues/template_error.erb within rescues/layout (43.4ms)


Started GET "/" for 50.24.144.75 at 2016-11-22 04:14:13 +0000
Connecting to database specified by database.yml
Processing by MoviesController#index as HTML
Redirected to https://hw5-sjaladi.c9users.io/movies?ratings%5BG%5D=1&ratings%5BNC-17%5D=1&ratings%5BPG%5D=1&ratings%5BPG-13%5D=1&ratings%5BR%5D=1
Completed 302 Found in 2.3ms (ActiveRecord: 0.0ms)


Started GET "/movies?ratings%5BG%5D=1&ratings%5BNC-17%5D=1&ratings%5BPG%5D=1&ratings%5BPG-13%5D=1&ratings%5BR%5D=1" for 50.24.144.75 at 2016-11-22 04:14:14 +0000
Processing by MoviesController#index as HTML
  Parameters: {"ratings"=>{"G"=>"1", "NC-17"=>"1", "PG"=>"1", "PG-13"=>"1", "R"=>"1"}}
  [1m[36mMovie Load (0.6ms)[0m  [1mSELECT "movies".* FROM "movies" WHERE "movies"."rating" IN ('G', 'NC-17', 'PG', 'PG-13', 'R')[0m
  Rendered movies/index.html.haml within layouts/application (30.7ms)
Completed 200 OK in 309.8ms (Views: 122.1ms | ActiveRecord: 6.1ms)


Started GET "/assets/jquery.js?body=1" for 50.24.144.75 at 2016-11-22 04:14:15 +0000
Served asset /jquery.js - 304 Not Modified (16ms)


Started GET "/assets/application.css?body=1" for 50.24.144.75 at 2016-11-22 04:14:15 +0000
Served asset /application.css - 304 Not Modified (23ms)


Started GET "/assets/jquery_ujs.js?body=1" for 50.24.144.75 at 2016-11-22 04:14:15 +0000
Served asset /jquery_ujs.js - 304 Not Modified (2ms)


Started GET "/assets/application.js?body=1" for 50.24.144.75 at 2016-11-22 04:14:15 +0000
Served asset /application.js - 304 Not Modified (20ms)


Started GET "/movies/1" for 50.24.144.75 at 2016-11-22 04:14:18 +0000
Processing by MoviesController#show as HTML
  Parameters: {"id"=>"1"}
  [1m[35mMovie Load (4.5ms)[0m  SELECT "movies".* FROM "movies" WHERE "movies"."id" = ? LIMIT 1  [["id", "1"]]
  Rendered movies/show.html.haml within layouts/application (27.4ms)
Completed 200 OK in 47.9ms (Views: 39.3ms | ActiveRecord: 4.5ms)


Started GET "/assets/application.css?body=1" for 50.24.144.75 at 2016-11-22 04:14:18 +0000
Served asset /application.css - 304 Not Modified (0ms)


Started GET "/assets/jquery.js?body=1" for 50.24.144.75 at 2016-11-22 04:14:18 +0000
Served asset /jquery.js - 304 Not Modified (0ms)


Started GET "/assets/jquery_ujs.js?body=1" for 50.24.144.75 at 2016-11-22 04:14:18 +0000
Served asset /jquery_ujs.js - 304 Not Modified (0ms)


Started GET "/assets/application.js?body=1" for 50.24.144.75 at 2016-11-22 04:14:18 +0000
Served asset /application.js - 304 Not Modified (1ms)


Started GET "/movies/1/edit" for 50.24.144.75 at 2016-11-22 04:14:21 +0000
Processing by MoviesController#edit as HTML
  Parameters: {"id"=>"1"}
  [1m[36mMovie Load (0.3ms)[0m  [1mSELECT "movies".* FROM "movies" WHERE "movies"."id" = ? LIMIT 1[0m  [["id", "1"]]
  Rendered movies/edit.html.haml within layouts/application (56.5ms)
Completed 200 OK in 92.4ms (Views: 89.9ms | ActiveRecord: 0.3ms)


Started GET "/assets/application.css?body=1" for 50.24.144.75 at 2016-11-22 04:14:21 +0000
Served asset /application.css - 304 Not Modified (0ms)


Started GET "/assets/application.js?body=1" for 50.24.144.75 at 2016-11-22 04:14:21 +0000
Served asset /application.js - 304 Not Modified (165ms)


Started GET "/assets/jquery.js?body=1" for 50.24.144.75 at 2016-11-22 04:14:22 +0000
Served asset /jquery.js - 304 Not Modified (1ms)


Started GET "/assets/jquery_ujs.js?body=1" for 50.24.144.75 at 2016-11-22 04:14:22 +0000
Served asset /jquery_ujs.js - 304 Not Modified (0ms)


Started PUT "/movies/1" for 50.24.144.75 at 2016-11-22 04:14:27 +0000
Processing by MoviesController#update as HTML
  Parameters: {"utf8"=>"✓", "authenticity_token"=>"5wfbmZGS5XqspPyOYNGoza9mISrgNlCK257eL2Hs8xA=", "movie"=>{"title"=>"Aladdin", "director"=>"disney ", "rating"=>"G", "release_date(1i)"=>"1992", "release_date(2i)"=>"11", "release_date(3i)"=>"25"}, "commit"=>"Update Movie Info", "id"=>"1"}
  [1m[35mMovie Load (0.3ms)[0m  SELECT "movies".* FROM "movies" WHERE "movies"."id" = ? LIMIT 1  [["id", "1"]]
  [1m[36m (0.1ms)[0m  [1mbegin transaction[0m
WARNING: Can't mass-assign protected attributes: director
  [1m[35m (0.2ms)[0m  commit transaction
Redirected to https://hw5-sjaladi.c9users.io/movies/1
Completed 302 Found in 39.8ms (ActiveRecord: 0.6ms)


Started GET "/movies/1" for 50.24.144.75 at 2016-11-22 04:14:27 +0000
Processing by MoviesController#show as HTML
  Parameters: {"id"=>"1"}
  [1m[36mMovie Load (0.2ms)[0m  [1mSELECT "movies".* FROM "movies" WHERE "movies"."id" = ? LIMIT 1[0m  [["id", "1"]]
  Rendered movies/show.html.haml within layouts/application (14.9ms)
Completed 200 OK in 55.9ms (Views: 35.5ms | ActiveRecord: 0.2ms)


Started GET "/assets/application.css?body=1" for 50.24.144.75 at 2016-11-22 04:14:27 +0000
Served asset /application.css - 304 Not Modified (0ms)


Started GET "/assets/jquery.js?body=1" for 50.24.144.75 at 2016-11-22 04:14:27 +0000
Served asset /jquery.js - 304 Not Modified (0ms)


Started GET "/assets/application.js?body=1" for 50.24.144.75 at 2016-11-22 04:14:28 +0000
Served asset /application.js - 304 Not Modified (17ms)


Started GET "/assets/jquery_ujs.js?body=1" for 50.24.144.75 at 2016-11-22 04:14:28 +0000
Served asset /jquery_ujs.js - 304 Not Modified (0ms)


Started GET "/movies/1/edit" for 50.24.144.75 at 2016-11-22 04:14:30 +0000
Processing by MoviesController#edit as HTML
  Parameters: {"id"=>"1"}
  [1m[35mMovie Load (0.2ms)[0m  SELECT "movies".* FROM "movies" WHERE "movies"."id" = ? LIMIT 1  [["id", "1"]]
  Rendered movies/edit.html.haml within layouts/application (23.6ms)
Completed 200 OK in 43.9ms (Views: 39.4ms | ActiveRecord: 0.2ms)


Started GET "/assets/application.css?body=1" for 50.24.144.75 at 2016-11-22 04:14:30 +0000
Served asset /application.css - 304 Not Modified (0ms)


Started GET "/assets/jquery_ujs.js?body=1" for 50.24.144.75 at 2016-11-22 04:14:30 +0000
Served asset /jquery_ujs.js - 304 Not Modified (0ms)


Started GET "/assets/application.js?body=1" for 50.24.144.75 at 2016-11-22 04:14:30 +0000
Served asset /application.js - 304 Not Modified (1ms)


Started GET "/assets/jquery.js?body=1" for 50.24.144.75 at 2016-11-22 04:14:30 +0000
Served asset /jquery.js - 304 Not Modified (2ms)


Started GET "/movies" for 50.24.144.75 at 2016-11-22 04:14:33 +0000
Processing by MoviesController#index as HTML
Redirected to https://hw5-sjaladi.c9users.io/movies?ratings%5BG%5D=1&ratings%5BNC-17%5D=1&ratings%5BPG%5D=1&ratings%5BPG-13%5D=1&ratings%5BR%5D=1
Completed 302 Found in 13.5ms (ActiveRecord: 0.0ms)


Started GET "/movies?ratings%5BG%5D=1&ratings%5BNC-17%5D=1&ratings%5BPG%5D=1&ratings%5BPG-13%5D=1&ratings%5BR%5D=1" for 50.24.144.75 at 2016-11-22 04:14:33 +0000
Processing by MoviesController#index as HTML
  Parameters: {"ratings"=>{"G"=>"1", "NC-17"=>"1", "PG"=>"1", "PG-13"=>"1", "R"=>"1"}}
  [1m[36mMovie Load (0.6ms)[0m  [1mSELECT "movies".* FROM "movies" WHERE "movies"."rating" IN ('G', 'NC-17', 'PG', 'PG-13', 'R')[0m
  Rendered movies/index.html.haml within layouts/application (52.1ms)
Completed 200 OK in 105.2ms (Views: 92.6ms | ActiveRecord: 0.6ms)


Started GET "/assets/jquery.js?body=1" for 50.24.144.75 at 2016-11-22 04:14:33 +0000
Served asset /jquery.js - 304 Not Modified (61ms)


Started GET "/assets/application.css?body=1" for 50.24.144.75 at 2016-11-22 04:14:33 +0000
Served asset /application.css - 304 Not Modified (0ms)


Started GET "/assets/application.js?body=1" for 50.24.144.75 at 2016-11-22 04:14:33 +0000
Served asset /application.js - 304 Not Modified (1ms)


Started GET "/assets/jquery_ujs.js?body=1" for 50.24.144.75 at 2016-11-22 04:14:33 +0000
Served asset /jquery_ujs.js - 304 Not Modified (1ms)


Started GET "/movies/13" for 50.24.144.75 at 2016-11-22 04:15:23 +0000
Processing by MoviesController#show as HTML
  Parameters: {"id"=>"13"}
  [1m[35mMovie Load (0.3ms)[0m  SELECT "movies".* FROM "movies" WHERE "movies"."id" = ? LIMIT 1  [["id", "13"]]
  Rendered movies/show.html.haml within layouts/application (2.9ms)
Completed 200 OK in 32.5ms (Views: 29.8ms | ActiveRecord: 0.3ms)


Started GET "/assets/application.css?body=1" for 50.24.144.75 at 2016-11-22 04:15:23 +0000
Served asset /application.css - 304 Not Modified (0ms)


Started GET "/assets/jquery.js?body=1" for 50.24.144.75 at 2016-11-22 04:15:23 +0000
Served asset /jquery.js - 304 Not Modified (3ms)


Started GET "/assets/jquery_ujs.js?body=1" for 50.24.144.75 at 2016-11-22 04:15:23 +0000
Served asset /jquery_ujs.js - 304 Not Modified (0ms)


Started GET "/assets/application.js?body=1" for 50.24.144.75 at 2016-11-22 04:15:26 +0000
Served asset /application.js - 304 Not Modified (1ms)


Started GET "/movies/13/edit" for 50.24.144.75 at 2016-11-22 04:15:28 +0000
Processing by MoviesController#edit as HTML
  Parameters: {"id"=>"13"}
  [1m[36mMovie Load (0.2ms)[0m  [1mSELECT "movies".* FROM "movies" WHERE "movies"."id" = ? LIMIT 1[0m  [["id", "13"]]
  Rendered movies/edit.html.haml within layouts/application (81.6ms)
Completed 200 OK in 96.1ms (Views: 94.0ms | ActiveRecord: 0.2ms)


Started GET "/assets/application.css?body=1" for 50.24.144.75 at 2016-11-22 04:15:28 +0000
Served asset /application.css - 304 Not Modified (0ms)


Started GET "/assets/application.js?body=1" for 50.24.144.75 at 2016-11-22 04:15:28 +0000
Served asset /application.js - 304 Not Modified (9ms)


Started GET "/assets/jquery.js?body=1" for 50.24.144.75 at 2016-11-22 04:15:28 +0000
Served asset /jquery.js - 304 Not Modified (1ms)


Started GET "/assets/jquery_ujs.js?body=1" for 50.24.144.75 at 2016-11-22 04:15:28 +0000
Served asset /jquery_ujs.js - 304 Not Modified (0ms)


Started PUT "/movies/13" for 50.24.144.75 at 2016-11-22 04:15:34 +0000
Processing by MoviesController#update as HTML
  Parameters: {"utf8"=>"✓", "authenticity_token"=>"5wfbmZGS5XqspPyOYNGoza9mISrgNlCK257eL2Hs8xA=", "movie"=>{"title"=>"When Harry Met Sally", "director"=>"some guy", "rating"=>"R", "release_date(1i)"=>"1989", "release_date(2i)"=>"7", "release_date(3i)"=>"21"}, "commit"=>"Update Movie Info", "id"=>"13"}
  [1m[35mMovie Load (0.3ms)[0m  SELECT "movies".* FROM "movies" WHERE "movies"."id" = ? LIMIT 1  [["id", "13"]]
  [1m[36m (0.1ms)[0m  [1mbegin transaction[0m
WARNING: Can't mass-assign protected attributes: director
  [1m[35m (0.1ms)[0m  commit transaction
Redirected to https://hw5-sjaladi.c9users.io/movies/13
Completed 302 Found in 9.7ms (ActiveRecord: 0.4ms)


Started GET "/movies/13" for 50.24.144.75 at 2016-11-22 04:15:34 +0000
Processing by MoviesController#show as HTML
  Parameters: {"id"=>"13"}
  [1m[36mMovie Load (0.3ms)[0m  [1mSELECT "movies".* FROM "movies" WHERE "movies"."id" = ? LIMIT 1[0m  [["id", "13"]]
  Rendered movies/show.html.haml within layouts/application (6.3ms)
Completed 200 OK in 22.5ms (Views: 13.6ms | ActiveRecord: 0.3ms)


Started GET "/assets/application.css?body=1" for 50.24.144.75 at 2016-11-22 04:15:34 +0000
Served asset /application.css - 304 Not Modified (0ms)


Started GET "/assets/jquery.js?body=1" for 50.24.144.75 at 2016-11-22 04:15:34 +0000
Served asset /jquery.js - 304 Not Modified (6ms)


Started GET "/assets/jquery_ujs.js?body=1" for 50.24.144.75 at 2016-11-22 04:15:34 +0000
Served asset /jquery_ujs.js - 304 Not Modified (0ms)


Started GET "/assets/application.js?body=1" for 50.24.144.75 at 2016-11-22 04:15:34 +0000
Served asset /application.js - 304 Not Modified (1ms)


Started GET "/movies/13" for 50.24.144.75 at 2016-11-22 04:19:48 +0000
Connecting to database specified by database.yml
Processing by MoviesController#show as HTML
  Parameters: {"id"=>"13"}
  [1m[36mMovie Load (0.3ms)[0m  [1mSELECT "movies".* FROM "movies" WHERE "movies"."id" = ? LIMIT 1[0m  [["id", "13"]]
  Rendered movies/show.html.haml within layouts/application (31.6ms)
Completed 200 OK in 161.4ms (Views: 78.2ms | ActiveRecord: 2.9ms)


Started GET "/assets/application.css?body=1" for 50.24.144.75 at 2016-11-22 04:19:49 +0000
Served asset /application.css - 304 Not Modified (2ms)


Started GET "/assets/application.js?body=1" for 50.24.144.75 at 2016-11-22 04:19:49 +0000
Served asset /application.js - 304 Not Modified (34ms)


Started GET "/assets/jquery_ujs.js?body=1" for 50.24.144.75 at 2016-11-22 04:19:49 +0000
Served asset /jquery_ujs.js - 304 Not Modified (2ms)


Started GET "/assets/jquery.js?body=1" for 50.24.144.75 at 2016-11-22 04:19:49 +0000
Served asset /jquery.js - 304 Not Modified (3ms)


Started GET "/movies/13/edit" for 50.24.144.75 at 2016-11-22 04:19:52 +0000
Processing by MoviesController#edit as HTML
  Parameters: {"id"=>"13"}
  [1m[35mMovie Load (0.2ms)[0m  SELECT "movies".* FROM "movies" WHERE "movies"."id" = ? LIMIT 1  [["id", "13"]]
  Rendered movies/edit.html.haml within layouts/application (10.1ms)
Completed 200 OK in 17.1ms (Views: 15.4ms | ActiveRecord: 0.2ms)


Started GET "/assets/application.css?body=1" for 50.24.144.75 at 2016-11-22 04:19:52 +0000
Served asset /application.css - 304 Not Modified (0ms)


Started GET "/assets/jquery_ujs.js?body=1" for 50.24.144.75 at 2016-11-22 04:19:52 +0000
Served asset /jquery_ujs.js - 304 Not Modified (0ms)


Started GET "/assets/jquery.js?body=1" for 50.24.144.75 at 2016-11-22 04:19:52 +0000
Served asset /jquery.js - 304 Not Modified (2ms)


Started GET "/assets/application.js?body=1" for 50.24.144.75 at 2016-11-22 04:19:52 +0000
Served asset /application.js - 304 Not Modified (1ms)


Started PUT "/movies/13" for 50.24.144.75 at 2016-11-22 04:19:59 +0000
Processing by MoviesController#update as HTML
  Parameters: {"utf8"=>"✓", "authenticity_token"=>"5wfbmZGS5XqspPyOYNGoza9mISrgNlCK257eL2Hs8xA=", "movie"=>{"title"=>"When Harry Met Sally", "director"=>"blah", "rating"=>"R", "release_date(1i)"=>"1989", "release_date(2i)"=>"7", "release_date(3i)"=>"21"}, "commit"=>"Update Movie Info", "id"=>"13"}
  [1m[36mMovie Load (0.2ms)[0m  [1mSELECT "movies".* FROM "movies" WHERE "movies"."id" = ? LIMIT 1[0m  [["id", "13"]]
  [1m[35m (0.1ms)[0m  begin transaction
  [1m[36m (34.2ms)[0m  [1mUPDATE "movies" SET "director" = 'blah', "updated_at" = '2016-11-22 04:19:59.230185' WHERE "movies"."id" = 13[0m
  [1m[35m (10.9ms)[0m  commit transaction
Redirected to https://hw5-sjaladi.c9users.io/movies/13
Completed 302 Found in 55.8ms (ActiveRecord: 45.3ms)


Started GET "/movies/13" for 50.24.144.75 at 2016-11-22 04:19:59 +0000
Processing by MoviesController#show as HTML
  Parameters: {"id"=>"13"}
  [1m[36mMovie Load (0.2ms)[0m  [1mSELECT "movies".* FROM "movies" WHERE "movies"."id" = ? LIMIT 1[0m  [["id", "13"]]
  Rendered movies/show.html.haml within layouts/application (1.6ms)
Completed 200 OK in 7.8ms (Views: 6.2ms | ActiveRecord: 0.2ms)


Started GET "/assets/application.css?body=1" for 50.24.144.75 at 2016-11-22 04:19:59 +0000
Served asset /application.css - 304 Not Modified (0ms)


Started GET "/assets/jquery.js?body=1" for 50.24.144.75 at 2016-11-22 04:19:59 +0000
Served asset /jquery.js - 304 Not Modified (0ms)


Started GET "/assets/jquery_ujs.js?body=1" for 50.24.144.75 at 2016-11-22 04:19:59 +0000
Served asset /jquery_ujs.js - 304 Not Modified (0ms)


Started GET "/assets/application.js?body=1" for 50.24.144.75 at 2016-11-22 04:19:59 +0000
Served asset /application.js - 304 Not Modified (1ms)
Connecting to database specified by database.yml
  [1m[36m (2.7ms)[0m  [1mSELECT "schema_migrations"."version" FROM "schema_migrations" [0m
  [1m[35m (0.3ms)[0m  select sqlite_version(*)
  [1m[36m (13.8ms)[0m  [1mCREATE TABLE "movies" ("id" INTEGER PRIMARY KEY AUTOINCREMENT NOT NULL, "title" varchar(255), "rating" varchar(255), "description" text, "release_date" datetime, "created_at" datetime, "updated_at" datetime, "director" varchar(255)) [0m
  [1m[35m (9.9ms)[0m  CREATE TABLE "schema_migrations" ("version" varchar(255) NOT NULL) 
  [1m[36m (12.6ms)[0m  [1mCREATE UNIQUE INDEX "unique_schema_migrations" ON "schema_migrations" ("version")[0m
  [1m[35m (0.1ms)[0m  SELECT version FROM "schema_migrations"
  [1m[36m (7.8ms)[0m  [1mINSERT INTO "schema_migrations" (version) VALUES ('20161121082016')[0m
  [1m[35m (9.5ms)[0m  INSERT INTO "schema_migrations" (version) VALUES ('20111119180638')


Started GET "/" for 50.24.144.75 at 2016-11-22 04:22:01 +0000
Connecting to database specified by database.yml
Processing by MoviesController#index as HTML
Redirected to https://hw5-sjaladi.c9users.io/movies?ratings%5BG%5D=1&ratings%5BNC-17%5D=1&ratings%5BPG%5D=1&ratings%5BPG-13%5D=1&ratings%5BR%5D=1
Completed 302 Found in 2.0ms (ActiveRecord: 0.0ms)


Started GET "/movies?ratings%5BG%5D=1&ratings%5BNC-17%5D=1&ratings%5BPG%5D=1&ratings%5BPG-13%5D=1&ratings%5BR%5D=1" for 50.24.144.75 at 2016-11-22 04:22:02 +0000
Processing by MoviesController#index as HTML
  Parameters: {"ratings"=>{"G"=>"1", "NC-17"=>"1", "PG"=>"1", "PG-13"=>"1", "R"=>"1"}}
  [1m[36mMovie Load (3.5ms)[0m  [1mSELECT "movies".* FROM "movies" WHERE "movies"."rating" IN ('G', 'NC-17', 'PG', 'PG-13', 'R')[0m
  Rendered movies/index.html.haml within layouts/application (26.4ms)
Completed 200 OK in 228.7ms (Views: 103.2ms | ActiveRecord: 8.5ms)


Started GET "/assets/application.css?body=1" for 50.24.144.75 at 2016-11-22 04:22:02 +0000
Served asset /application.css - 304 Not Modified (2ms)


Started GET "/assets/jquery.js?body=1" for 50.24.144.75 at 2016-11-22 04:22:02 +0000
Served asset /jquery.js - 304 Not Modified (39ms)


Started GET "/assets/application.js?body=1" for 50.24.144.75 at 2016-11-22 04:22:02 +0000
Served asset /application.js - 304 Not Modified (7ms)


Started GET "/assets/jquery_ujs.js?body=1" for 50.24.144.75 at 2016-11-22 04:22:02 +0000
Served asset /jquery_ujs.js - 304 Not Modified (5ms)


Started GET "/movies/6" for 50.24.144.75 at 2016-11-22 04:22:24 +0000
Processing by MoviesController#show as HTML
  Parameters: {"id"=>"6"}
  [1m[35mMovie Load (0.3ms)[0m  SELECT "movies".* FROM "movies" WHERE "movies"."id" = ? LIMIT 1  [["id", "6"]]
  Rendered movies/show.html.haml within layouts/application (3.6ms)
Completed 200 OK in 10.5ms (Views: 8.0ms | ActiveRecord: 0.3ms)


Started GET "/assets/application.css?body=1" for 50.24.144.75 at 2016-11-22 04:22:24 +0000
Served asset /application.css - 304 Not Modified (0ms)


Started GET "/assets/jquery.js?body=1" for 50.24.144.75 at 2016-11-22 04:22:24 +0000
Served asset /jquery.js - 304 Not Modified (0ms)


Started GET "/assets/application.js?body=1" for 50.24.144.75 at 2016-11-22 04:22:24 +0000
Served asset /application.js - 304 Not Modified (2ms)


Started GET "/assets/jquery_ujs.js?body=1" for 50.24.144.75 at 2016-11-22 04:22:24 +0000
Served asset /jquery_ujs.js - 304 Not Modified (0ms)


Started GET "/movies/6/edit" for 50.24.144.75 at 2016-11-22 04:22:34 +0000
Processing by MoviesController#edit as HTML
  Parameters: {"id"=>"6"}
  [1m[36mMovie Load (0.2ms)[0m  [1mSELECT "movies".* FROM "movies" WHERE "movies"."id" = ? LIMIT 1[0m  [["id", "6"]]
  Rendered movies/edit.html.haml within layouts/application (9.9ms)
Completed 200 OK in 16.6ms (Views: 14.9ms | ActiveRecord: 0.2ms)


Started GET "/assets/application.css?body=1" for 50.24.144.75 at 2016-11-22 04:22:34 +0000
Served asset /application.css - 304 Not Modified (0ms)


Started GET "/assets/jquery.js?body=1" for 50.24.144.75 at 2016-11-22 04:22:34 +0000
Served asset /jquery.js - 304 Not Modified (0ms)


Started GET "/assets/jquery_ujs.js?body=1" for 50.24.144.75 at 2016-11-22 04:22:34 +0000
Served asset /jquery_ujs.js - 304 Not Modified (0ms)


Started GET "/assets/application.js?body=1" for 50.24.144.75 at 2016-11-22 04:22:34 +0000
Served asset /application.js - 304 Not Modified (1ms)


Started PUT "/movies/6" for 50.24.144.75 at 2016-11-22 04:22:38 +0000
Processing by MoviesController#update as HTML
  Parameters: {"utf8"=>"✓", "authenticity_token"=>"5wfbmZGS5XqspPyOYNGoza9mISrgNlCK257eL2Hs8xA=", "movie"=>{"title"=>"Amelie", "director"=>"blah", "rating"=>"R", "release_date(1i)"=>"2001", "release_date(2i)"=>"4", "release_date(3i)"=>"25"}, "commit"=>"Update Movie Info", "id"=>"6"}
  [1m[35mMovie Load (0.2ms)[0m  SELECT "movies".* FROM "movies" WHERE "movies"."id" = ? LIMIT 1  [["id", "6"]]
  [1m[36m (0.1ms)[0m  [1mbegin transaction[0m
  [1m[35m (2.9ms)[0m  UPDATE "movies" SET "director" = 'blah', "updated_at" = '2016-11-22 04:22:38.547782' WHERE "movies"."id" = 6
  [1m[36m (10.3ms)[0m  [1mcommit transaction[0m
Redirected to https://hw5-sjaladi.c9users.io/movies/6
Completed 302 Found in 24.0ms (ActiveRecord: 13.5ms)


Started GET "/movies/6" for 50.24.144.75 at 2016-11-22 04:22:38 +0000
Processing by MoviesController#show as HTML
  Parameters: {"id"=>"6"}
  [1m[35mMovie Load (0.2ms)[0m  SELECT "movies".* FROM "movies" WHERE "movies"."id" = ? LIMIT 1  [["id", "6"]]
  Rendered movies/show.html.haml within layouts/application (1.4ms)
Completed 200 OK in 7.1ms (Views: 5.8ms | ActiveRecord: 0.2ms)


Started GET "/assets/application.css?body=1" for 50.24.144.75 at 2016-11-22 04:22:38 +0000
Served asset /application.css - 304 Not Modified (2ms)


Started GET "/assets/jquery.js?body=1" for 50.24.144.75 at 2016-11-22 04:22:38 +0000
Served asset /jquery.js - 304 Not Modified (2ms)


Started GET "/assets/jquery_ujs.js?body=1" for 50.24.144.75 at 2016-11-22 04:22:38 +0000
Served asset /jquery_ujs.js - 304 Not Modified (0ms)


Started GET "/assets/application.js?body=1" for 50.24.144.75 at 2016-11-22 04:22:38 +0000
Served asset /application.js - 304 Not Modified (1ms)


Started GET "/movies" for 50.24.144.75 at 2016-11-22 04:22:43 +0000
Processing by MoviesController#index as HTML
Redirected to https://hw5-sjaladi.c9users.io/movies?ratings%5BG%5D=1&ratings%5BNC-17%5D=1&ratings%5BPG%5D=1&ratings%5BPG-13%5D=1&ratings%5BR%5D=1
Completed 302 Found in 0.8ms (ActiveRecord: 0.0ms)


Started GET "/movies?ratings%5BG%5D=1&ratings%5BNC-17%5D=1&ratings%5BPG%5D=1&ratings%5BPG-13%5D=1&ratings%5BR%5D=1" for 50.24.144.75 at 2016-11-22 04:22:44 +0000
Processing by MoviesController#index as HTML
  Parameters: {"ratings"=>{"G"=>"1", "NC-17"=>"1", "PG"=>"1", "PG-13"=>"1", "R"=>"1"}}
  [1m[36mMovie Load (0.4ms)[0m  [1mSELECT "movies".* FROM "movies" WHERE "movies"."rating" IN ('G', 'NC-17', 'PG', 'PG-13', 'R')[0m
  Rendered movies/index.html.haml within layouts/application (13.0ms)
Completed 200 OK in 20.3ms (Views: 17.9ms | ActiveRecord: 0.4ms)


Started GET "/assets/application.css?body=1" for 50.24.144.75 at 2016-11-22 04:22:44 +0000
Served asset /application.css - 304 Not Modified (0ms)


Started GET "/assets/jquery.js?body=1" for 50.24.144.75 at 2016-11-22 04:22:44 +0000
Served asset /jquery.js - 304 Not Modified (1ms)


Started GET "/assets/application.js?body=1" for 50.24.144.75 at 2016-11-22 04:22:44 +0000
Served asset /application.js - 304 Not Modified (32ms)


Started GET "/assets/jquery_ujs.js?body=1" for 50.24.144.75 at 2016-11-22 04:22:44 +0000
Served asset /jquery_ujs.js - 304 Not Modified (0ms)


Started GET "/movies/6" for 50.24.144.75 at 2016-11-22 04:22:55 +0000
Processing by MoviesController#show as HTML
  Parameters: {"id"=>"6"}
  [1m[35mMovie Load (0.2ms)[0m  SELECT "movies".* FROM "movies" WHERE "movies"."id" = ? LIMIT 1  [["id", "6"]]
  Rendered movies/show.html.haml within layouts/application (1.7ms)
Completed 200 OK in 8.8ms (Views: 7.1ms | ActiveRecord: 0.2ms)


Started GET "/assets/application.css?body=1" for 50.24.144.75 at 2016-11-22 04:22:55 +0000
Served asset /application.css - 304 Not Modified (0ms)


Started GET "/assets/jquery.js?body=1" for 50.24.144.75 at 2016-11-22 04:22:55 +0000
Served asset /jquery.js - 304 Not Modified (0ms)


Started GET "/assets/jquery_ujs.js?body=1" for 50.24.144.75 at 2016-11-22 04:22:55 +0000
Served asset /jquery_ujs.js - 304 Not Modified (1ms)


Started GET "/assets/application.js?body=1" for 50.24.144.75 at 2016-11-22 04:22:55 +0000
Served asset /application.js - 304 Not Modified (1ms)


Started GET "/movies/13" for 50.24.144.75 at 2016-11-22 04:23:02 +0000
Processing by MoviesController#show as HTML
  Parameters: {"id"=>"13"}
  [1m[36mMovie Load (0.2ms)[0m  [1mSELECT "movies".* FROM "movies" WHERE "movies"."id" = ? LIMIT 1[0m  [["id", "13"]]
  Rendered movies/show.html.haml within layouts/application (1.5ms)
Completed 200 OK in 7.8ms (Views: 6.4ms | ActiveRecord: 0.2ms)


Started GET "/assets/application.css?body=1" for 50.24.144.75 at 2016-11-22 04:23:02 +0000
Served asset /application.css - 304 Not Modified (0ms)


Started GET "/assets/jquery.js?body=1" for 50.24.144.75 at 2016-11-22 04:23:02 +0000
Served asset /jquery.js - 304 Not Modified (0ms)


Started GET "/assets/jquery_ujs.js?body=1" for 50.24.144.75 at 2016-11-22 04:23:02 +0000
Served asset /jquery_ujs.js - 304 Not Modified (0ms)


Started GET "/assets/application.js?body=1" for 50.24.144.75 at 2016-11-22 04:23:02 +0000
Served asset /application.js - 304 Not Modified (1ms)


Started GET "/movies" for 50.24.144.75 at 2016-11-22 04:23:05 +0000
Processing by MoviesController#index as HTML
Redirected to https://hw5-sjaladi.c9users.io/movies?ratings%5BG%5D=1&ratings%5BNC-17%5D=1&ratings%5BPG%5D=1&ratings%5BPG-13%5D=1&ratings%5BR%5D=1
Completed 302 Found in 1.0ms (ActiveRecord: 0.0ms)


Started GET "/movies?ratings%5BG%5D=1&ratings%5BNC-17%5D=1&ratings%5BPG%5D=1&ratings%5BPG-13%5D=1&ratings%5BR%5D=1" for 50.24.144.75 at 2016-11-22 04:23:05 +0000
Processing by MoviesController#index as HTML
  Parameters: {"ratings"=>{"G"=>"1", "NC-17"=>"1", "PG"=>"1", "PG-13"=>"1", "R"=>"1"}}
  [1m[35mMovie Load (0.5ms)[0m  SELECT "movies".* FROM "movies" WHERE "movies"."rating" IN ('G', 'NC-17', 'PG', 'PG-13', 'R')
  Rendered movies/index.html.haml within layouts/application (16.5ms)
Completed 200 OK in 24.7ms (Views: 21.9ms | ActiveRecord: 0.5ms)


Started GET "/assets/application.js?body=1" for 50.24.144.75 at 2016-11-22 04:23:05 +0000
Served asset /application.js - 304 Not Modified (3ms)


Started GET "/assets/application.css?body=1" for 50.24.144.75 at 2016-11-22 04:23:05 +0000
Served asset /application.css - 304 Not Modified (0ms)


Started GET "/assets/jquery_ujs.js?body=1" for 50.24.144.75 at 2016-11-22 04:23:05 +0000
Served asset /jquery_ujs.js - 304 Not Modified (0ms)


Started GET "/assets/jquery.js?body=1" for 50.24.144.75 at 2016-11-22 04:23:05 +0000
Served asset /jquery.js - 304 Not Modified (0ms)
Connecting to database specified by database.yml
  [1m[36m (2.7ms)[0m  [1mSELECT "schema_migrations"."version" FROM "schema_migrations" [0m
  [1m[35m (0.3ms)[0m  select sqlite_version(*)
  [1m[36m (13.5ms)[0m  [1mCREATE TABLE "movies" ("id" INTEGER PRIMARY KEY AUTOINCREMENT NOT NULL, "title" varchar(255), "rating" varchar(255), "description" text, "release_date" datetime, "created_at" datetime, "updated_at" datetime, "director" varchar(255)) [0m
  [1m[35m (10.0ms)[0m  CREATE TABLE "schema_migrations" ("version" varchar(255) NOT NULL) 
  [1m[36m (12.9ms)[0m  [1mCREATE UNIQUE INDEX "unique_schema_migrations" ON "schema_migrations" ("version")[0m
  [1m[35m (0.1ms)[0m  SELECT version FROM "schema_migrations"
  [1m[36m (10.2ms)[0m  [1mINSERT INTO "schema_migrations" (version) VALUES ('20161121082016')[0m
  [1m[35m (9.9ms)[0m  INSERT INTO "schema_migrations" (version) VALUES ('20111119180638')


Started GET "/" for 50.24.144.75 at 2016-11-22 04:27:24 +0000
Connecting to database specified by database.yml
Processing by MoviesController#index as HTML
Redirected to https://hw5-sjaladi.c9users.io/movies?ratings%5BG%5D=1&ratings%5BNC-17%5D=1&ratings%5BPG%5D=1&ratings%5BPG-13%5D=1&ratings%5BR%5D=1
Completed 302 Found in 1.3ms (ActiveRecord: 0.0ms)


Started GET "/movies?ratings%5BG%5D=1&ratings%5BNC-17%5D=1&ratings%5BPG%5D=1&ratings%5BPG-13%5D=1&ratings%5BR%5D=1" for 50.24.144.75 at 2016-11-22 04:27:25 +0000
Processing by MoviesController#index as HTML
  Parameters: {"ratings"=>{"G"=>"1", "NC-17"=>"1", "PG"=>"1", "PG-13"=>"1", "R"=>"1"}}
  [1m[36mMovie Load (0.5ms)[0m  [1mSELECT "movies".* FROM "movies" WHERE "movies"."rating" IN ('G', 'NC-17', 'PG', 'PG-13', 'R')[0m
  Rendered movies/index.html.haml within layouts/application (21.1ms)
Completed 200 OK in 173.6ms (Views: 79.7ms | ActiveRecord: 3.4ms)


Started GET "/assets/application.css?body=1" for 50.24.144.75 at 2016-11-22 04:27:26 +0000
Served asset /application.css - 304 Not Modified (1ms)


Started GET "/assets/jquery.js?body=1" for 50.24.144.75 at 2016-11-22 04:27:26 +0000
Served asset /jquery.js - 304 Not Modified (3ms)


Started GET "/assets/jquery_ujs.js?body=1" for 50.24.144.75 at 2016-11-22 04:27:26 +0000
Served asset /jquery_ujs.js - 304 Not Modified (2ms)


Started GET "/assets/application.js?body=1" for 50.24.144.75 at 2016-11-22 04:27:26 +0000
Served asset /application.js - 304 Not Modified (4ms)


Started GET "/movies/6" for 50.24.144.75 at 2016-11-22 04:27:32 +0000
Processing by MoviesController#show as HTML
  Parameters: {"id"=>"6"}
  [1m[35mMovie Load (0.3ms)[0m  SELECT "movies".* FROM "movies" WHERE "movies"."id" = ? LIMIT 1  [["id", "6"]]
  Rendered movies/show.html.haml within layouts/application (4.2ms)
Completed 200 OK in 11.8ms (Views: 9.1ms | ActiveRecord: 0.3ms)


Started GET "/assets/application.css?body=1" for 50.24.144.75 at 2016-11-22 04:27:33 +0000
Served asset /application.css - 304 Not Modified (0ms)


Started GET "/assets/jquery.js?body=1" for 50.24.144.75 at 2016-11-22 04:27:33 +0000
Served asset /jquery.js - 304 Not Modified (2ms)


Started GET "/assets/jquery_ujs.js?body=1" for 50.24.144.75 at 2016-11-22 04:27:33 +0000
Served asset /jquery_ujs.js - 304 Not Modified (0ms)


Started GET "/assets/application.js?body=1" for 50.24.144.75 at 2016-11-22 04:27:33 +0000
Served asset /application.js - 304 Not Modified (2ms)


Started GET "/movies/6/director" for 50.24.144.75 at 2016-11-22 04:27:35 +0000
Processing by MoviesController#dir_same as HTML
  Parameters: {"id"=>"6"}
  [1m[36mMovie Load (0.2ms)[0m  [1mSELECT "movies".* FROM "movies" WHERE "movies"."id" = ? LIMIT 1[0m  [["id", "6"]]
  [1m[35mMovie Load (0.3ms)[0m  SELECT "movies".* FROM "movies" WHERE "movies"."director" = 'blah'
  Rendered movies/dir_same.html.haml within layouts/application (188.0ms)
Completed 500 Internal Server Error in 199.0ms

ActionView::Template::Error (undefined method `each' for nil:NilClass):
    7:       %th Director
    8:       %th More Info
    9:   %tbody
    10:     - @movies_list.each do |movie|
    11:       %tr
    12:         %td= movie.title 
    13:         %td= movie.rating
  app/views/movies/dir_same.html.haml:10:in `_app_views_movies_dir_same_html_haml___3089733839751974417_70041455109180'


  Rendered /usr/local/rvm/gems/ruby-1.9.3-p551/gems/actionpack-3.2.18/lib/action_dispatch/middleware/templates/rescues/_trace.erb (1.2ms)
  Rendered /usr/local/rvm/gems/ruby-1.9.3-p551/gems/actionpack-3.2.18/lib/action_dispatch/middleware/templates/rescues/_request_and_response.erb (1.0ms)
  Rendered /usr/local/rvm/gems/ruby-1.9.3-p551/gems/actionpack-3.2.18/lib/action_dispatch/middleware/templates/rescues/template_error.erb within rescues/layout (11.1ms)
Connecting to database specified by database.yml
  [1m[36m (2.7ms)[0m  [1mSELECT "schema_migrations"."version" FROM "schema_migrations" [0m
  [1m[35m (0.3ms)[0m  select sqlite_version(*)
  [1m[36m (13.5ms)[0m  [1mCREATE TABLE "movies" ("id" INTEGER PRIMARY KEY AUTOINCREMENT NOT NULL, "title" varchar(255), "rating" varchar(255), "description" text, "release_date" datetime, "created_at" datetime, "updated_at" datetime, "director" varchar(255)) [0m
  [1m[35m (10.3ms)[0m  CREATE TABLE "schema_migrations" ("version" varchar(255) NOT NULL) 
  [1m[36m (11.3ms)[0m  [1mCREATE UNIQUE INDEX "unique_schema_migrations" ON "schema_migrations" ("version")[0m
  [1m[35m (0.1ms)[0m  SELECT version FROM "schema_migrations"
  [1m[36m (10.9ms)[0m  [1mINSERT INTO "schema_migrations" (version) VALUES ('20161121082016')[0m
  [1m[35m (9.9ms)[0m  INSERT INTO "schema_migrations" (version) VALUES ('20111119180638')
Connecting to database specified by database.yml
  [1m[36m (2.9ms)[0m  [1mSELECT "schema_migrations"."version" FROM "schema_migrations" [0m
  [1m[35m (0.3ms)[0m  select sqlite_version(*)
  [1m[36m (15.7ms)[0m  [1mCREATE TABLE "movies" ("id" INTEGER PRIMARY KEY AUTOINCREMENT NOT NULL, "title" varchar(255), "rating" varchar(255), "description" text, "release_date" datetime, "created_at" datetime, "updated_at" datetime, "director" varchar(255)) [0m
  [1m[35m (9.7ms)[0m  CREATE TABLE "schema_migrations" ("version" varchar(255) NOT NULL) 
  [1m[36m (12.2ms)[0m  [1mCREATE UNIQUE INDEX "unique_schema_migrations" ON "schema_migrations" ("version")[0m
  [1m[35m (0.1ms)[0m  SELECT version FROM "schema_migrations"
  [1m[36m (11.1ms)[0m  [1mINSERT INTO "schema_migrations" (version) VALUES ('20161121082016')[0m
  [1m[35m (9.4ms)[0m  INSERT INTO "schema_migrations" (version) VALUES ('20111119180638')
Connecting to database specified by database.yml
  [1m[36m (2.7ms)[0m  [1mSELECT "schema_migrations"."version" FROM "schema_migrations" [0m
  [1m[35m (0.3ms)[0m  select sqlite_version(*)
  [1m[36m (12.4ms)[0m  [1mCREATE TABLE "movies" ("id" INTEGER PRIMARY KEY AUTOINCREMENT NOT NULL, "title" varchar(255), "rating" varchar(255), "description" text, "release_date" datetime, "created_at" datetime, "updated_at" datetime, "director" varchar(255)) [0m
  [1m[35m (7.7ms)[0m  CREATE TABLE "schema_migrations" ("version" varchar(255) NOT NULL) 
  [1m[36m (11.7ms)[0m  [1mCREATE UNIQUE INDEX "unique_schema_migrations" ON "schema_migrations" ("version")[0m
  [1m[35m (0.1ms)[0m  SELECT version FROM "schema_migrations"
  [1m[36m (9.3ms)[0m  [1mINSERT INTO "schema_migrations" (version) VALUES ('20161121082016')[0m
  [1m[35m (10.2ms)[0m  INSERT INTO "schema_migrations" (version) VALUES ('20111119180638')
Connecting to database specified by database.yml
  [1m[36m (2.8ms)[0m  [1mSELECT "schema_migrations"."version" FROM "schema_migrations" [0m
  [1m[35m (0.3ms)[0m  select sqlite_version(*)
  [1m[36m (14.5ms)[0m  [1mCREATE TABLE "movies" ("id" INTEGER PRIMARY KEY AUTOINCREMENT NOT NULL, "title" varchar(255), "rating" varchar(255), "description" text, "release_date" datetime, "created_at" datetime, "updated_at" datetime, "director" varchar(255)) [0m
  [1m[35m (10.3ms)[0m  CREATE TABLE "schema_migrations" ("version" varchar(255) NOT NULL) 
  [1m[36m (12.4ms)[0m  [1mCREATE UNIQUE INDEX "unique_schema_migrations" ON "schema_migrations" ("version")[0m
  [1m[35m (0.1ms)[0m  SELECT version FROM "schema_migrations"
  [1m[36m (7.1ms)[0m  [1mINSERT INTO "schema_migrations" (version) VALUES ('20161121082016')[0m
  [1m[35m (10.9ms)[0m  INSERT INTO "schema_migrations" (version) VALUES ('20111119180638')
Connecting to database specified by database.yml
  [1m[36m (2.5ms)[0m  [1mSELECT "schema_migrations"."version" FROM "schema_migrations" [0m
  [1m[35m (0.3ms)[0m  select sqlite_version(*)
  [1m[36m (14.8ms)[0m  [1mCREATE TABLE "movies" ("id" INTEGER PRIMARY KEY AUTOINCREMENT NOT NULL, "title" varchar(255), "rating" varchar(255), "description" text, "release_date" datetime, "created_at" datetime, "updated_at" datetime, "director" varchar(255)) [0m
  [1m[35m (12.2ms)[0m  CREATE TABLE "schema_migrations" ("version" varchar(255) NOT NULL) 
  [1m[36m (21.9ms)[0m  [1mCREATE UNIQUE INDEX "unique_schema_migrations" ON "schema_migrations" ("version")[0m
  [1m[35m (0.1ms)[0m  SELECT version FROM "schema_migrations"
  [1m[36m (9.6ms)[0m  [1mINSERT INTO "schema_migrations" (version) VALUES ('20161121082016')[0m
  [1m[35m (9.1ms)[0m  INSERT INTO "schema_migrations" (version) VALUES ('20111119180638')


Started GET "/" for 50.24.144.75 at 2016-11-22 04:41:46 +0000
Connecting to database specified by database.yml
Processing by MoviesController#index as HTML
Redirected to https://hw5-sjaladi.c9users.io/movies?ratings%5BG%5D=1&ratings%5BNC-17%5D=1&ratings%5BPG%5D=1&ratings%5BPG-13%5D=1&ratings%5BR%5D=1
Completed 302 Found in 1.4ms (ActiveRecord: 0.0ms)


Started GET "/movies?ratings%5BG%5D=1&ratings%5BNC-17%5D=1&ratings%5BPG%5D=1&ratings%5BPG-13%5D=1&ratings%5BR%5D=1" for 50.24.144.75 at 2016-11-22 04:41:47 +0000
Processing by MoviesController#index as HTML
  Parameters: {"ratings"=>{"G"=>"1", "NC-17"=>"1", "PG"=>"1", "PG-13"=>"1", "R"=>"1"}}
  [1m[36mMovie Load (0.4ms)[0m  [1mSELECT "movies".* FROM "movies" WHERE "movies"."rating" IN ('G', 'NC-17', 'PG', 'PG-13', 'R')[0m
  Rendered movies/index.html.haml within layouts/application (29.4ms)
Completed 200 OK in 183.6ms (Views: 87.0ms | ActiveRecord: 3.5ms)


Started GET "/assets/application.css?body=1" for 50.24.144.75 at 2016-11-22 04:41:47 +0000
Served asset /application.css - 304 Not Modified (30ms)


Started GET "/assets/jquery.js?body=1" for 50.24.144.75 at 2016-11-22 04:41:47 +0000
Served asset /jquery.js - 304 Not Modified (2ms)


Started GET "/assets/jquery_ujs.js?body=1" for 50.24.144.75 at 2016-11-22 04:41:48 +0000
Served asset /jquery_ujs.js - 304 Not Modified (2ms)


Started GET "/assets/application.js?body=1" for 50.24.144.75 at 2016-11-22 04:41:48 +0000
Served asset /application.js - 304 Not Modified (4ms)


Started GET "/movies/1" for 50.24.144.75 at 2016-11-22 04:41:50 +0000
Processing by MoviesController#show as HTML
  Parameters: {"id"=>"1"}
  [1m[35mMovie Load (0.4ms)[0m  SELECT "movies".* FROM "movies" WHERE "movies"."id" = ? LIMIT 1  [["id", "1"]]
  Rendered movies/show.html.haml within layouts/application (5.9ms)
Completed 200 OK in 15.5ms (Views: 11.6ms | ActiveRecord: 0.4ms)


Started GET "/assets/jquery.js?body=1" for 50.24.144.75 at 2016-11-22 04:41:50 +0000
Served asset /jquery.js - 304 Not Modified (2ms)


Started GET "/assets/application.js?body=1" for 50.24.144.75 at 2016-11-22 04:41:50 +0000
Served asset /application.js - 304 Not Modified (2ms)


Started GET "/assets/application.css?body=1" for 50.24.144.75 at 2016-11-22 04:41:50 +0000
Served asset /application.css - 304 Not Modified (0ms)


Started GET "/assets/jquery_ujs.js?body=1" for 50.24.144.75 at 2016-11-22 04:41:50 +0000
Served asset /jquery_ujs.js - 304 Not Modified (0ms)


Started GET "/movies/1/director" for 50.24.144.75 at 2016-11-22 04:41:52 +0000
Processing by MoviesController#dir_same as HTML
  Parameters: {"id"=>"1"}
  [1m[36mMovie Load (0.2ms)[0m  [1mSELECT "movies".* FROM "movies" WHERE "movies"."id" = ? LIMIT 1[0m  [["id", "1"]]
Redirected to https://hw5-sjaladi.c9users.io/movies
  [1m[35mMovie Load (0.4ms)[0m  SELECT "movies".* FROM "movies" WHERE "movies"."director" IS NULL
Completed 302 Found in 10.1ms (ActiveRecord: 0.5ms)


Started GET "/movies" for 50.24.144.75 at 2016-11-22 04:41:52 +0000
Processing by MoviesController#index as HTML
Redirected to https://hw5-sjaladi.c9users.io/movies?ratings%5BG%5D=1&ratings%5BNC-17%5D=1&ratings%5BPG%5D=1&ratings%5BPG-13%5D=1&ratings%5BR%5D=1
Completed 302 Found in 1.0ms (ActiveRecord: 0.0ms)


Started GET "/movies?ratings%5BG%5D=1&ratings%5BNC-17%5D=1&ratings%5BPG%5D=1&ratings%5BPG-13%5D=1&ratings%5BR%5D=1" for 50.24.144.75 at 2016-11-22 04:41:52 +0000
Processing by MoviesController#index as HTML
  Parameters: {"ratings"=>{"G"=>"1", "NC-17"=>"1", "PG"=>"1", "PG-13"=>"1", "R"=>"1"}}
  [1m[36mMovie Load (0.4ms)[0m  [1mSELECT "movies".* FROM "movies" WHERE "movies"."rating" IN ('G', 'NC-17', 'PG', 'PG-13', 'R')[0m
  Rendered movies/index.html.haml within layouts/application (11.6ms)
Completed 200 OK in 19.3ms (Views: 16.7ms | ActiveRecord: 0.4ms)


Started GET "/assets/application.css?body=1" for 50.24.144.75 at 2016-11-22 04:41:52 +0000
Served asset /application.css - 304 Not Modified (0ms)


Started GET "/assets/jquery.js?body=1" for 50.24.144.75 at 2016-11-22 04:41:52 +0000
Served asset /jquery.js - 304 Not Modified (0ms)


Started GET "/assets/jquery_ujs.js?body=1" for 50.24.144.75 at 2016-11-22 04:41:52 +0000
Served asset /jquery_ujs.js - 304 Not Modified (0ms)


Started GET "/assets/application.js?body=1" for 50.24.144.75 at 2016-11-22 04:41:52 +0000
Served asset /application.js - 304 Not Modified (1ms)


Started GET "/movies/6" for 50.24.144.75 at 2016-11-22 04:42:06 +0000
Processing by MoviesController#show as HTML
  Parameters: {"id"=>"6"}
  [1m[35mMovie Load (0.2ms)[0m  SELECT "movies".* FROM "movies" WHERE "movies"."id" = ? LIMIT 1  [["id", "6"]]
  Rendered movies/show.html.haml within layouts/application (1.7ms)
Completed 200 OK in 7.8ms (Views: 6.4ms | ActiveRecord: 0.2ms)


Started GET "/assets/application.css?body=1" for 50.24.144.75 at 2016-11-22 04:42:07 +0000
Served asset /application.css - 304 Not Modified (0ms)


Started GET "/assets/jquery.js?body=1" for 50.24.144.75 at 2016-11-22 04:42:07 +0000
Served asset /jquery.js - 304 Not Modified (1ms)


Started GET "/assets/application.js?body=1" for 50.24.144.75 at 2016-11-22 04:42:07 +0000
Served asset /application.js - 304 Not Modified (2ms)


Started GET "/assets/jquery_ujs.js?body=1" for 50.24.144.75 at 2016-11-22 04:42:07 +0000
Served asset /jquery_ujs.js - 304 Not Modified (0ms)


Started GET "/movies/1" for 50.24.144.75 at 2016-11-22 04:42:18 +0000
Processing by MoviesController#show as HTML
  Parameters: {"id"=>"1"}
  [1m[36mMovie Load (0.2ms)[0m  [1mSELECT "movies".* FROM "movies" WHERE "movies"."id" = ? LIMIT 1[0m  [["id", "1"]]
  Rendered movies/show.html.haml within layouts/application (1.6ms)
Completed 200 OK in 8.4ms (Views: 6.8ms | ActiveRecord: 0.2ms)


Started GET "/assets/application.css?body=1" for 50.24.144.75 at 2016-11-22 04:42:18 +0000
Served asset /application.css - 304 Not Modified (0ms)


Started GET "/assets/jquery_ujs.js?body=1" for 50.24.144.75 at 2016-11-22 04:42:18 +0000
Served asset /jquery_ujs.js - 304 Not Modified (0ms)


Started GET "/assets/jquery.js?body=1" for 50.24.144.75 at 2016-11-22 04:42:18 +0000
Served asset /jquery.js - 304 Not Modified (1ms)


Started GET "/assets/application.js?body=1" for 50.24.144.75 at 2016-11-22 04:42:18 +0000
Served asset /application.js - 304 Not Modified (1ms)


Started GET "/movies/1/director" for 50.24.144.75 at 2016-11-22 04:42:29 +0000
Processing by MoviesController#dir_same as HTML
  Parameters: {"id"=>"1"}
  [1m[35mMovie Load (0.2ms)[0m  SELECT "movies".* FROM "movies" WHERE "movies"."id" = ? LIMIT 1  [["id", "1"]]
Redirected to https://hw5-sjaladi.c9users.io/movies
  [1m[36mMovie Load (0.3ms)[0m  [1mSELECT "movies".* FROM "movies" WHERE "movies"."director" IS NULL[0m
Completed 302 Found in 3.3ms (ActiveRecord: 0.5ms)


Started GET "/movies" for 50.24.144.75 at 2016-11-22 04:42:29 +0000
Processing by MoviesController#index as HTML
Redirected to https://hw5-sjaladi.c9users.io/movies?ratings%5BG%5D=1&ratings%5BNC-17%5D=1&ratings%5BPG%5D=1&ratings%5BPG-13%5D=1&ratings%5BR%5D=1
Completed 302 Found in 1.0ms (ActiveRecord: 0.0ms)


Started GET "/movies?ratings%5BG%5D=1&ratings%5BNC-17%5D=1&ratings%5BPG%5D=1&ratings%5BPG-13%5D=1&ratings%5BR%5D=1" for 50.24.144.75 at 2016-11-22 04:42:29 +0000
Processing by MoviesController#index as HTML
  Parameters: {"ratings"=>{"G"=>"1", "NC-17"=>"1", "PG"=>"1", "PG-13"=>"1", "R"=>"1"}}
  [1m[35mMovie Load (0.4ms)[0m  SELECT "movies".* FROM "movies" WHERE "movies"."rating" IN ('G', 'NC-17', 'PG', 'PG-13', 'R')
  Rendered movies/index.html.haml within layouts/application (11.0ms)
Completed 200 OK in 18.2ms (Views: 16.1ms | ActiveRecord: 0.4ms)


Started GET "/assets/application.css?body=1" for 50.24.144.75 at 2016-11-22 04:42:29 +0000
Served asset /application.css - 304 Not Modified (0ms)


Started GET "/assets/jquery.js?body=1" for 50.24.144.75 at 2016-11-22 04:42:29 +0000
Served asset /jquery.js - 304 Not Modified (0ms)


Started GET "/assets/jquery_ujs.js?body=1" for 50.24.144.75 at 2016-11-22 04:42:29 +0000
Served asset /jquery_ujs.js - 304 Not Modified (0ms)


Started GET "/assets/application.js?body=1" for 50.24.144.75 at 2016-11-22 04:42:29 +0000
Served asset /application.js - 304 Not Modified (1ms)


Started GET "/movies/6" for 50.24.144.75 at 2016-11-22 04:42:39 +0000
Processing by MoviesController#show as HTML
  Parameters: {"id"=>"6"}
  [1m[36mMovie Load (0.2ms)[0m  [1mSELECT "movies".* FROM "movies" WHERE "movies"."id" = ? LIMIT 1[0m  [["id", "6"]]
  Rendered movies/show.html.haml within layouts/application (1.6ms)
Completed 200 OK in 7.5ms (Views: 6.1ms | ActiveRecord: 0.2ms)


Started GET "/assets/application.css?body=1" for 50.24.144.75 at 2016-11-22 04:42:39 +0000
Served asset /application.css - 304 Not Modified (0ms)


Started GET "/assets/jquery.js?body=1" for 50.24.144.75 at 2016-11-22 04:42:39 +0000
Served asset /jquery.js - 304 Not Modified (0ms)


Started GET "/assets/application.js?body=1" for 50.24.144.75 at 2016-11-22 04:42:39 +0000
Served asset /application.js - 304 Not Modified (1ms)


Started GET "/assets/jquery_ujs.js?body=1" for 50.24.144.75 at 2016-11-22 04:42:39 +0000
Served asset /jquery_ujs.js - 304 Not Modified (0ms)


Started GET "/movies/6/director" for 50.24.144.75 at 2016-11-22 04:42:40 +0000
Processing by MoviesController#dir_same as HTML
  Parameters: {"id"=>"6"}
  [1m[35mMovie Load (0.2ms)[0m  SELECT "movies".* FROM "movies" WHERE "movies"."id" = ? LIMIT 1  [["id", "6"]]
  [1m[36mMovie Load (0.2ms)[0m  [1mSELECT "movies".* FROM "movies" WHERE "movies"."director" = 'blah'[0m
  Rendered movies/dir_same.html.haml within layouts/application (1.6ms)
Completed 200 OK in 8.3ms (Views: 6.2ms | ActiveRecord: 0.4ms)


Started GET "/assets/application.css?body=1" for 50.24.144.75 at 2016-11-22 04:42:40 +0000
Served asset /application.css - 304 Not Modified (0ms)


Started GET "/assets/jquery_ujs.js?body=1" for 50.24.144.75 at 2016-11-22 04:42:40 +0000
Served asset /jquery_ujs.js - 304 Not Modified (0ms)


Started GET "/assets/application.js?body=1" for 50.24.144.75 at 2016-11-22 04:42:40 +0000
Served asset /application.js - 304 Not Modified (1ms)


Started GET "/assets/jquery.js?body=1" for 50.24.144.75 at 2016-11-22 04:42:40 +0000
Served asset /jquery.js - 304 Not Modified (1ms)
